mode: set
github.com/PhasitWo/duchenne-server/main.go:38.13,55.2 11 0
github.com/PhasitWo/duchenne-server/main.go:57.108,59.2 2 0
github.com/PhasitWo/duchenne-server/main.go:59.2,61.3 2 0
github.com/PhasitWo/duchenne-server/main.go:61.3,65.4 3 0
github.com/PhasitWo/duchenne-server/main.go:66.3,68.3 3 0
github.com/PhasitWo/duchenne-server/main.go:68.3,82.4 13 0
github.com/PhasitWo/duchenne-server/main.go:84.2,89.34 2 0
github.com/PhasitWo/duchenne-server/main.go:89.34,91.3 1 0
github.com/PhasitWo/duchenne-server/main.go:92.2,94.3 2 0
github.com/PhasitWo/duchenne-server/main.go:94.3,97.4 2 0
github.com/PhasitWo/duchenne-server/main.go:98.3,100.3 3 0
github.com/PhasitWo/duchenne-server/main.go:100.3,124.70 24 0
github.com/PhasitWo/duchenne-server/main.go:124.70,127.5 2 0
github.com/PhasitWo/duchenne-server/main.go:132.25,135.36 3 0
github.com/PhasitWo/duchenne-server/main.go:135.36,138.3 2 0
github.com/PhasitWo/duchenne-server/main.go:140.2,145.16 3 0
github.com/PhasitWo/duchenne-server/main.go:145.16,147.3 1 0
github.com/PhasitWo/duchenne-server/main.go:149.2,153.16 2 0
github.com/PhasitWo/duchenne-server/main.go:153.16,155.3 1 0
github.com/PhasitWo/duchenne-server/main.go:157.2,158.16 2 0
github.com/PhasitWo/duchenne-server/main.go:158.16,160.3 1 0
github.com/PhasitWo/duchenne-server/main.go:163.2,188.11 6 0
github.com/PhasitWo/duchenne-server/main.go:191.32,199.2 7 0
github.com/PhasitWo/duchenne-server/main.go:201.48,204.37 2 0
github.com/PhasitWo/duchenne-server/main.go:204.37,207.3 2 0
github.com/PhasitWo/duchenne-server/main.go:208.2,210.10 3 0
github.com/PhasitWo/duchenne-server/main.go:213.49,215.36 1 0
github.com/PhasitWo/duchenne-server/main.go:215.36,217.3 1 0
github.com/PhasitWo/duchenne-server/main.go:218.2,220.37 3 0
github.com/PhasitWo/duchenne-server/main.go:220.37,228.3 3 0
github.com/PhasitWo/duchenne-server/main.go:228.8,232.17 4 0
github.com/PhasitWo/duchenne-server/main.go:232.17,234.4 1 0
github.com/PhasitWo/duchenne-server/main.go:235.3,235.76 1 0
github.com/PhasitWo/duchenne-server/main.go:238.2,238.81 1 0
github.com/PhasitWo/duchenne-server/main.go:238.81,240.3 1 0
github.com/PhasitWo/duchenne-server/main.go:242.2,244.25 3 0
github.com/PhasitWo/duchenne-server/config/config.go:28.19,31.45 3 0
github.com/PhasitWo/duchenne-server/config/config.go:31.45,32.34 1 0
github.com/PhasitWo/duchenne-server/config/config.go:35.2,37.36 3 0
github.com/PhasitWo/duchenne-server/config/config.go:37.36,41.30 4 0
github.com/PhasitWo/duchenne-server/config/config.go:41.30,43.4 1 0
github.com/PhasitWo/duchenne-server/config/config.go:44.3,44.28 1 0
github.com/PhasitWo/duchenne-server/config/config.go:45.15,46.47 1 0
github.com/PhasitWo/duchenne-server/config/config.go:47.12,48.48 1 0
github.com/PhasitWo/duchenne-server/config/config.go:49.13,50.43 1 0
github.com/PhasitWo/duchenne-server/config/config.go:51.17,52.63 1 0
github.com/PhasitWo/duchenne-server/config/config.go:53.11,54.32 1 0
github.com/PhasitWo/duchenne-server/config/config.go:56.3,56.72 1 0
github.com/PhasitWo/duchenne-server/config/config.go:58.2,58.29 1 0
github.com/PhasitWo/duchenne-server/config/config.go:58.29,60.3 1 0
github.com/PhasitWo/duchenne-server/config/config.go:62.2,64.75 3 0
github.com/PhasitWo/duchenne-server/handlers/mobile/appointment.go:21.66,23.13 2 0
github.com/PhasitWo/duchenne-server/handlers/mobile/appointment.go:23.13,26.3 2 0
github.com/PhasitWo/duchenne-server/handlers/mobile/appointment.go:27.2,30.16 4 0
github.com/PhasitWo/duchenne-server/handlers/mobile/appointment.go:30.16,33.3 2 0
github.com/PhasitWo/duchenne-server/handlers/mobile/appointment.go:34.2,34.28 1 0
github.com/PhasitWo/duchenne-server/handlers/mobile/appointment.go:37.56,39.13 2 0
github.com/PhasitWo/duchenne-server/handlers/mobile/appointment.go:39.13,42.3 2 0
github.com/PhasitWo/duchenne-server/handlers/mobile/appointment.go:43.2,46.16 4 0
github.com/PhasitWo/duchenne-server/handlers/mobile/appointment.go:46.16,47.51 1 0
github.com/PhasitWo/duchenne-server/handlers/mobile/appointment.go:47.51,50.4 2 0
github.com/PhasitWo/duchenne-server/handlers/mobile/appointment.go:51.3,52.9 2 0
github.com/PhasitWo/duchenne-server/handlers/mobile/appointment.go:55.2,55.32 1 0
github.com/PhasitWo/duchenne-server/handlers/mobile/appointment.go:55.32,58.3 2 0
github.com/PhasitWo/duchenne-server/handlers/mobile/appointment.go:59.2,59.27 1 0
github.com/PhasitWo/duchenne-server/handlers/mobile/appointment.go:67.59,70.13 2 0
github.com/PhasitWo/duchenne-server/handlers/mobile/appointment.go:70.13,73.3 2 0
github.com/PhasitWo/duchenne-server/handlers/mobile/appointment.go:74.2,77.49 3 0
github.com/PhasitWo/duchenne-server/handlers/mobile/appointment.go:77.49,80.3 2 0
github.com/PhasitWo/duchenne-server/handlers/mobile/appointment.go:82.2,83.22 2 0
github.com/PhasitWo/duchenne-server/handlers/mobile/appointment.go:83.22,86.3 2 0
github.com/PhasitWo/duchenne-server/handlers/mobile/appointment.go:88.2,94.16 2 0
github.com/PhasitWo/duchenne-server/handlers/mobile/appointment.go:94.16,97.3 2 0
github.com/PhasitWo/duchenne-server/handlers/mobile/appointment.go:98.2,98.53 1 0
github.com/PhasitWo/duchenne-server/handlers/mobile/appointment.go:101.59,104.13 2 0
github.com/PhasitWo/duchenne-server/handlers/mobile/appointment.go:104.13,107.3 2 0
github.com/PhasitWo/duchenne-server/handlers/mobile/appointment.go:108.2,112.16 4 0
github.com/PhasitWo/duchenne-server/handlers/mobile/appointment.go:112.16,113.51 1 0
github.com/PhasitWo/duchenne-server/handlers/mobile/appointment.go:113.51,116.4 2 0
github.com/PhasitWo/duchenne-server/handlers/mobile/appointment.go:117.3,118.9 2 0
github.com/PhasitWo/duchenne-server/handlers/mobile/appointment.go:120.2,120.32 1 0
github.com/PhasitWo/duchenne-server/handlers/mobile/appointment.go:120.32,123.3 2 0
github.com/PhasitWo/duchenne-server/handlers/mobile/appointment.go:125.2,126.16 2 0
github.com/PhasitWo/duchenne-server/handlers/mobile/appointment.go:126.16,129.3 2 0
github.com/PhasitWo/duchenne-server/handlers/mobile/appointment.go:130.2,130.32 1 0
github.com/PhasitWo/duchenne-server/handlers/mobile/appointment.go:133.46,142.2 1 0
github.com/PhasitWo/duchenne-server/handlers/mobile/auth.go:27.47,29.49 2 0
github.com/PhasitWo/duchenne-server/handlers/mobile/auth.go:29.49,32.3 2 0
github.com/PhasitWo/duchenne-server/handlers/mobile/auth.go:34.2,35.16 2 0
github.com/PhasitWo/duchenne-server/handlers/mobile/auth.go:35.16,36.51 1 0
github.com/PhasitWo/duchenne-server/handlers/mobile/auth.go:36.51,39.4 2 0
github.com/PhasitWo/duchenne-server/handlers/mobile/auth.go:40.3,41.9 2 0
github.com/PhasitWo/duchenne-server/handlers/mobile/auth.go:44.2,44.29 1 0
github.com/PhasitWo/duchenne-server/handlers/mobile/auth.go:44.29,47.3 2 0
github.com/PhasitWo/duchenne-server/handlers/mobile/auth.go:48.2,48.92 1 0
github.com/PhasitWo/duchenne-server/handlers/mobile/auth.go:48.92,51.3 2 0
github.com/PhasitWo/duchenne-server/handlers/mobile/auth.go:53.2,55.16 3 0
github.com/PhasitWo/duchenne-server/handlers/mobile/auth.go:55.16,58.3 2 0
github.com/PhasitWo/duchenne-server/handlers/mobile/auth.go:59.2,66.15 3 0
github.com/PhasitWo/duchenne-server/handlers/mobile/auth.go:66.15,67.31 1 0
github.com/PhasitWo/duchenne-server/handlers/mobile/auth.go:67.31,69.4 1 0
github.com/PhasitWo/duchenne-server/handlers/mobile/auth.go:71.2,71.33 1 0
github.com/PhasitWo/duchenne-server/handlers/mobile/auth.go:71.33,74.3 2 0
github.com/PhasitWo/duchenne-server/handlers/mobile/auth.go:76.2,77.49 2 0
github.com/PhasitWo/duchenne-server/handlers/mobile/auth.go:77.49,81.17 3 0
github.com/PhasitWo/duchenne-server/handlers/mobile/auth.go:81.17,84.4 2 0
github.com/PhasitWo/duchenne-server/handlers/mobile/auth.go:87.2,88.16 2 0
github.com/PhasitWo/duchenne-server/handlers/mobile/auth.go:88.16,91.3 2 0
github.com/PhasitWo/duchenne-server/handlers/mobile/auth.go:93.2,94.16 2 0
github.com/PhasitWo/duchenne-server/handlers/mobile/auth.go:94.16,97.3 2 0
github.com/PhasitWo/duchenne-server/handlers/mobile/auth.go:99.2,99.42 1 0
github.com/PhasitWo/duchenne-server/handlers/mobile/auth.go:99.42,102.3 2 0
github.com/PhasitWo/duchenne-server/handlers/mobile/auth.go:103.2,103.46 1 0
github.com/PhasitWo/duchenne-server/handlers/mobile/auth.go:115.48,117.45 2 0
github.com/PhasitWo/duchenne-server/handlers/mobile/auth.go:117.45,120.3 2 0
github.com/PhasitWo/duchenne-server/handlers/mobile/auth.go:122.2,123.16 2 0
github.com/PhasitWo/duchenne-server/handlers/mobile/auth.go:123.16,124.51 1 0
github.com/PhasitWo/duchenne-server/handlers/mobile/auth.go:124.51,127.4 2 0
github.com/PhasitWo/duchenne-server/handlers/mobile/auth.go:128.3,129.9 2 0
github.com/PhasitWo/duchenne-server/handlers/mobile/auth.go:132.2,132.28 1 0
github.com/PhasitWo/duchenne-server/handlers/mobile/auth.go:132.28,135.3 2 0
github.com/PhasitWo/duchenne-server/handlers/mobile/auth.go:136.2,136.84 1 0
github.com/PhasitWo/duchenne-server/handlers/mobile/auth.go:136.84,139.3 2 0
github.com/PhasitWo/duchenne-server/handlers/mobile/auth.go:140.2,140.82 1 0
github.com/PhasitWo/duchenne-server/handlers/mobile/auth.go:140.82,143.3 2 0
github.com/PhasitWo/duchenne-server/handlers/mobile/auth.go:144.2,144.59 1 0
github.com/PhasitWo/duchenne-server/handlers/mobile/auth.go:144.59,147.3 2 0
github.com/PhasitWo/duchenne-server/handlers/mobile/auth.go:149.2,160.16 2 0
github.com/PhasitWo/duchenne-server/handlers/mobile/auth.go:160.16,163.3 2 0
github.com/PhasitWo/duchenne-server/handlers/mobile/auth.go:164.2,164.25 1 0
github.com/PhasitWo/duchenne-server/handlers/mobile/auth.go:167.48,169.23 2 0
github.com/PhasitWo/duchenne-server/handlers/mobile/auth.go:169.23,172.3 2 0
github.com/PhasitWo/duchenne-server/handlers/mobile/auth.go:174.2,175.87 2 0
github.com/PhasitWo/duchenne-server/handlers/mobile/auth.go:175.87,177.3 1 0
github.com/PhasitWo/duchenne-server/handlers/mobile/auth.go:178.2,178.27 1 0
github.com/PhasitWo/duchenne-server/handlers/mobile/auth.go:178.27,181.3 2 0
github.com/PhasitWo/duchenne-server/handlers/mobile/auth.go:183.2,184.16 2 0
github.com/PhasitWo/duchenne-server/handlers/mobile/auth.go:184.16,187.3 2 0
github.com/PhasitWo/duchenne-server/handlers/mobile/auth.go:188.2,188.25 1 0
github.com/PhasitWo/duchenne-server/handlers/mobile/device.go:14.54,16.13 2 0
github.com/PhasitWo/duchenne-server/handlers/mobile/device.go:16.13,19.3 2 0
github.com/PhasitWo/duchenne-server/handlers/mobile/device.go:20.2,23.16 4 0
github.com/PhasitWo/duchenne-server/handlers/mobile/device.go:23.16,26.3 2 0
github.com/PhasitWo/duchenne-server/handlers/mobile/device.go:27.2,27.27 1 0
github.com/PhasitWo/duchenne-server/handlers/mobile/device.go:35.54,37.13 2 0
github.com/PhasitWo/duchenne-server/handlers/mobile/device.go:37.13,40.3 2 0
github.com/PhasitWo/duchenne-server/handlers/mobile/device.go:41.2,44.46 3 0
github.com/PhasitWo/duchenne-server/handlers/mobile/device.go:44.46,47.3 2 0
github.com/PhasitWo/duchenne-server/handlers/mobile/device.go:49.2,57.16 4 0
github.com/PhasitWo/duchenne-server/handlers/mobile/device.go:57.16,60.3 2 0
github.com/PhasitWo/duchenne-server/handlers/mobile/device.go:61.2,62.15 2 0
github.com/PhasitWo/duchenne-server/handlers/mobile/device.go:62.15,63.31 1 0
github.com/PhasitWo/duchenne-server/handlers/mobile/device.go:63.31,65.4 1 0
github.com/PhasitWo/duchenne-server/handlers/mobile/device.go:67.2,67.33 1 0
github.com/PhasitWo/duchenne-server/handlers/mobile/device.go:67.33,70.3 2 0
github.com/PhasitWo/duchenne-server/handlers/mobile/device.go:71.2,72.49 2 0
github.com/PhasitWo/duchenne-server/handlers/mobile/device.go:72.49,76.17 3 0
github.com/PhasitWo/duchenne-server/handlers/mobile/device.go:76.17,79.4 2 0
github.com/PhasitWo/duchenne-server/handlers/mobile/device.go:82.2,83.16 2 0
github.com/PhasitWo/duchenne-server/handlers/mobile/device.go:83.16,86.3 2 0
github.com/PhasitWo/duchenne-server/handlers/mobile/device.go:88.2,89.16 2 0
github.com/PhasitWo/duchenne-server/handlers/mobile/device.go:89.16,92.3 2 0
github.com/PhasitWo/duchenne-server/handlers/mobile/device.go:94.2,94.42 1 0
github.com/PhasitWo/duchenne-server/handlers/mobile/device.go:94.42,97.3 2 0
github.com/PhasitWo/duchenne-server/handlers/mobile/device.go:98.2,98.46 1 0
github.com/PhasitWo/duchenne-server/handlers/mobile/doctor.go:9.54,11.16 2 0
github.com/PhasitWo/duchenne-server/handlers/mobile/doctor.go:11.16,14.3 2 0
github.com/PhasitWo/duchenne-server/handlers/mobile/doctor.go:15.2,15.32 1 0
github.com/PhasitWo/duchenne-server/handlers/mobile/init.go:16.39,18.2 1 0
github.com/PhasitWo/duchenne-server/handlers/mobile/profile.go:11.52,13.13 2 0
github.com/PhasitWo/duchenne-server/handlers/mobile/profile.go:13.13,16.3 2 0
github.com/PhasitWo/duchenne-server/handlers/mobile/profile.go:18.2,19.16 2 0
github.com/PhasitWo/duchenne-server/handlers/mobile/profile.go:19.16,20.51 1 0
github.com/PhasitWo/duchenne-server/handlers/mobile/profile.go:20.51,23.4 2 0
github.com/PhasitWo/duchenne-server/handlers/mobile/profile.go:24.3,25.9 2 0
github.com/PhasitWo/duchenne-server/handlers/mobile/profile.go:27.2,27.26 1 0
github.com/PhasitWo/duchenne-server/handlers/mobile/question.go:16.63,18.13 2 0
github.com/PhasitWo/duchenne-server/handlers/mobile/question.go:18.13,21.3 2 0
github.com/PhasitWo/duchenne-server/handlers/mobile/question.go:22.2,25.16 4 0
github.com/PhasitWo/duchenne-server/handlers/mobile/question.go:25.16,28.3 2 0
github.com/PhasitWo/duchenne-server/handlers/mobile/question.go:29.2,29.27 1 0
github.com/PhasitWo/duchenne-server/handlers/mobile/question.go:32.53,34.13 2 0
github.com/PhasitWo/duchenne-server/handlers/mobile/question.go:34.13,37.3 2 0
github.com/PhasitWo/duchenne-server/handlers/mobile/question.go:38.2,41.16 4 0
github.com/PhasitWo/duchenne-server/handlers/mobile/question.go:41.16,42.51 1 0
github.com/PhasitWo/duchenne-server/handlers/mobile/question.go:42.51,45.4 2 0
github.com/PhasitWo/duchenne-server/handlers/mobile/question.go:46.3,47.9 2 0
github.com/PhasitWo/duchenne-server/handlers/mobile/question.go:50.2,50.31 1 0
github.com/PhasitWo/duchenne-server/handlers/mobile/question.go:50.31,53.3 2 0
github.com/PhasitWo/duchenne-server/handlers/mobile/question.go:54.2,54.26 1 0
github.com/PhasitWo/duchenne-server/handlers/mobile/question.go:65.56,68.13 2 0
github.com/PhasitWo/duchenne-server/handlers/mobile/question.go:68.13,71.3 2 0
github.com/PhasitWo/duchenne-server/handlers/mobile/question.go:72.2,75.49 3 0
github.com/PhasitWo/duchenne-server/handlers/mobile/question.go:75.49,78.3 2 0
github.com/PhasitWo/duchenne-server/handlers/mobile/question.go:80.2,80.41 1 0
github.com/PhasitWo/duchenne-server/handlers/mobile/question.go:80.41,83.3 2 0
github.com/PhasitWo/duchenne-server/handlers/mobile/question.go:84.2,84.47 1 0
github.com/PhasitWo/duchenne-server/handlers/mobile/question.go:84.47,87.3 2 0
github.com/PhasitWo/duchenne-server/handlers/mobile/question.go:88.2,89.16 2 0
github.com/PhasitWo/duchenne-server/handlers/mobile/question.go:89.16,92.3 2 0
github.com/PhasitWo/duchenne-server/handlers/mobile/question.go:93.2,93.53 1 0
github.com/PhasitWo/duchenne-server/handlers/mobile/question.go:96.56,100.13 3 0
github.com/PhasitWo/duchenne-server/handlers/mobile/question.go:100.13,103.3 2 0
github.com/PhasitWo/duchenne-server/handlers/mobile/question.go:104.2,107.16 3 0
github.com/PhasitWo/duchenne-server/handlers/mobile/question.go:107.16,108.51 1 0
github.com/PhasitWo/duchenne-server/handlers/mobile/question.go:108.51,111.4 2 0
github.com/PhasitWo/duchenne-server/handlers/mobile/question.go:112.3,113.9 2 0
github.com/PhasitWo/duchenne-server/handlers/mobile/question.go:115.2,115.31 1 0
github.com/PhasitWo/duchenne-server/handlers/mobile/question.go:115.31,118.3 2 0
github.com/PhasitWo/duchenne-server/handlers/mobile/question.go:119.2,120.16 2 0
github.com/PhasitWo/duchenne-server/handlers/mobile/question.go:120.16,123.3 2 0
github.com/PhasitWo/duchenne-server/handlers/mobile/question.go:124.2,124.32 1 0
github.com/PhasitWo/duchenne-server/auth/auth.go:18.72,29.2 4 0
github.com/PhasitWo/duchenne-server/auth/auth.go:37.73,48.2 4 0
github.com/PhasitWo/duchenne-server/auth/auth.go:51.60,53.2 1 0
github.com/PhasitWo/duchenne-server/auth/auth.go:56.52,59.2 2 0
github.com/PhasitWo/duchenne-server/handlers/web/appointment.go:15.56,21.44 5 0
github.com/PhasitWo/duchenne-server/handlers/web/appointment.go:21.44,23.17 2 0
github.com/PhasitWo/duchenne-server/handlers/web/appointment.go:23.17,26.4 2 0
github.com/PhasitWo/duchenne-server/handlers/web/appointment.go:28.2,28.46 1 0
github.com/PhasitWo/duchenne-server/handlers/web/appointment.go:28.46,30.17 2 0
github.com/PhasitWo/duchenne-server/handlers/web/appointment.go:30.17,33.4 2 0
github.com/PhasitWo/duchenne-server/handlers/web/appointment.go:35.2,35.47 1 0
github.com/PhasitWo/duchenne-server/handlers/web/appointment.go:35.47,37.17 2 0
github.com/PhasitWo/duchenne-server/handlers/web/appointment.go:37.17,40.4 2 0
github.com/PhasitWo/duchenne-server/handlers/web/appointment.go:41.3,41.112 1 0
github.com/PhasitWo/duchenne-server/handlers/web/appointment.go:43.2,43.48 1 0
github.com/PhasitWo/duchenne-server/handlers/web/appointment.go:43.48,45.17 2 0
github.com/PhasitWo/duchenne-server/handlers/web/appointment.go:45.17,48.4 2 0
github.com/PhasitWo/duchenne-server/handlers/web/appointment.go:49.3,49.114 1 0
github.com/PhasitWo/duchenne-server/handlers/web/appointment.go:51.2,51.43 1 0
github.com/PhasitWo/duchenne-server/handlers/web/appointment.go:51.43,52.22 1 0
github.com/PhasitWo/duchenne-server/handlers/web/appointment.go:52.22,54.4 1 0
github.com/PhasitWo/duchenne-server/handlers/web/appointment.go:54.9,54.28 1 0
github.com/PhasitWo/duchenne-server/handlers/web/appointment.go:54.28,56.4 1 0
github.com/PhasitWo/duchenne-server/handlers/web/appointment.go:56.9,59.4 2 0
github.com/PhasitWo/duchenne-server/handlers/web/appointment.go:62.2,63.16 2 0
github.com/PhasitWo/duchenne-server/handlers/web/appointment.go:63.16,66.3 2 0
github.com/PhasitWo/duchenne-server/handlers/web/appointment.go:67.2,67.28 1 0
github.com/PhasitWo/duchenne-server/handlers/web/appointment.go:70.53,73.16 3 0
github.com/PhasitWo/duchenne-server/handlers/web/appointment.go:73.16,74.51 1 0
github.com/PhasitWo/duchenne-server/handlers/web/appointment.go:74.51,77.4 2 0
github.com/PhasitWo/duchenne-server/handlers/web/appointment.go:78.3,79.9 2 0
github.com/PhasitWo/duchenne-server/handlers/web/appointment.go:81.2,81.28 1 0
github.com/PhasitWo/duchenne-server/handlers/web/appointment.go:85.56,88.49 2 0
github.com/PhasitWo/duchenne-server/handlers/web/appointment.go:88.49,91.3 2 0
github.com/PhasitWo/duchenne-server/handlers/web/appointment.go:93.2,94.22 2 0
github.com/PhasitWo/duchenne-server/handlers/web/appointment.go:94.22,97.3 2 0
github.com/PhasitWo/duchenne-server/handlers/web/appointment.go:99.2,100.19 2 0
github.com/PhasitWo/duchenne-server/handlers/web/appointment.go:100.19,102.3 1 0
github.com/PhasitWo/duchenne-server/handlers/web/appointment.go:103.2,109.16 2 0
github.com/PhasitWo/duchenne-server/handlers/web/appointment.go:109.16,112.3 2 0
github.com/PhasitWo/duchenne-server/handlers/web/appointment.go:113.2,114.53 2 0
github.com/PhasitWo/duchenne-server/handlers/web/appointment.go:117.56,119.49 2 0
github.com/PhasitWo/duchenne-server/handlers/web/appointment.go:119.49,122.3 2 0
github.com/PhasitWo/duchenne-server/handlers/web/appointment.go:123.2,125.16 3 0
github.com/PhasitWo/duchenne-server/handlers/web/appointment.go:125.16,128.3 2 0
github.com/PhasitWo/duchenne-server/handlers/web/appointment.go:130.2,131.22 2 0
github.com/PhasitWo/duchenne-server/handlers/web/appointment.go:131.22,134.3 2 0
github.com/PhasitWo/duchenne-server/handlers/web/appointment.go:136.2,137.19 2 0
github.com/PhasitWo/duchenne-server/handlers/web/appointment.go:137.19,139.3 1 0
github.com/PhasitWo/duchenne-server/handlers/web/appointment.go:140.2,147.16 2 0
github.com/PhasitWo/duchenne-server/handlers/web/appointment.go:147.16,150.3 2 0
github.com/PhasitWo/duchenne-server/handlers/web/appointment.go:151.2,152.25 2 0
github.com/PhasitWo/duchenne-server/handlers/web/appointment.go:155.56,158.16 3 0
github.com/PhasitWo/duchenne-server/handlers/web/appointment.go:158.16,159.51 1 0
github.com/PhasitWo/duchenne-server/handlers/web/appointment.go:159.51,162.4 2 0
github.com/PhasitWo/duchenne-server/handlers/web/appointment.go:163.3,164.9 2 0
github.com/PhasitWo/duchenne-server/handlers/web/appointment.go:167.2,168.16 2 0
github.com/PhasitWo/duchenne-server/handlers/web/appointment.go:168.16,171.3 2 0
github.com/PhasitWo/duchenne-server/handlers/web/appointment.go:172.2,173.32 2 0
github.com/PhasitWo/duchenne-server/handlers/web/auth.go:18.44,20.49 2 0
github.com/PhasitWo/duchenne-server/handlers/web/auth.go:20.49,23.3 2 0
github.com/PhasitWo/duchenne-server/handlers/web/auth.go:25.2,26.16 2 0
github.com/PhasitWo/duchenne-server/handlers/web/auth.go:26.16,27.51 1 0
github.com/PhasitWo/duchenne-server/handlers/web/auth.go:27.51,30.4 2 0
github.com/PhasitWo/duchenne-server/handlers/web/auth.go:31.3,32.9 2 0
github.com/PhasitWo/duchenne-server/handlers/web/auth.go:35.2,35.45 1 0
github.com/PhasitWo/duchenne-server/handlers/web/auth.go:35.45,38.3 2 0
github.com/PhasitWo/duchenne-server/handlers/web/auth.go:40.2,41.16 2 0
github.com/PhasitWo/duchenne-server/handlers/web/auth.go:41.16,44.3 2 0
github.com/PhasitWo/duchenne-server/handlers/web/auth.go:46.2,48.46 3 0
github.com/PhasitWo/duchenne-server/handlers/web/auth.go:51.45,55.2 3 0
github.com/PhasitWo/duchenne-server/handlers/web/auth.go:57.50,59.13 2 0
github.com/PhasitWo/duchenne-server/handlers/web/auth.go:59.13,63.3 3 0
github.com/PhasitWo/duchenne-server/handlers/web/auth.go:64.2,65.13 2 0
github.com/PhasitWo/duchenne-server/handlers/web/auth.go:65.13,69.3 3 0
github.com/PhasitWo/duchenne-server/handlers/web/auth.go:70.2,70.60 1 0
github.com/PhasitWo/duchenne-server/handlers/web/doctor.go:14.48,17.16 3 0
github.com/PhasitWo/duchenne-server/handlers/web/doctor.go:17.16,18.51 1 0
github.com/PhasitWo/duchenne-server/handlers/web/doctor.go:18.51,21.4 2 0
github.com/PhasitWo/duchenne-server/handlers/web/doctor.go:22.3,23.9 2 0
github.com/PhasitWo/duchenne-server/handlers/web/doctor.go:25.2,25.31 1 0
github.com/PhasitWo/duchenne-server/handlers/web/doctor.go:28.51,30.16 2 0
github.com/PhasitWo/duchenne-server/handlers/web/doctor.go:30.16,33.3 2 0
github.com/PhasitWo/duchenne-server/handlers/web/doctor.go:34.2,34.32 1 0
github.com/PhasitWo/duchenne-server/handlers/web/doctor.go:47.51,49.49 2 0
github.com/PhasitWo/duchenne-server/handlers/web/doctor.go:49.49,52.3 2 0
github.com/PhasitWo/duchenne-server/handlers/web/doctor.go:53.2,53.87 1 0
github.com/PhasitWo/duchenne-server/handlers/web/doctor.go:53.87,56.3 2 0
github.com/PhasitWo/duchenne-server/handlers/web/doctor.go:57.2,66.16 2 0
github.com/PhasitWo/duchenne-server/handlers/web/doctor.go:66.16,67.57 1 0
github.com/PhasitWo/duchenne-server/handlers/web/doctor.go:67.57,70.4 2 0
github.com/PhasitWo/duchenne-server/handlers/web/doctor.go:71.3,72.9 2 0
github.com/PhasitWo/duchenne-server/handlers/web/doctor.go:74.2,74.53 1 0
github.com/PhasitWo/duchenne-server/handlers/web/doctor.go:77.51,79.49 2 0
github.com/PhasitWo/duchenne-server/handlers/web/doctor.go:79.49,82.3 2 0
github.com/PhasitWo/duchenne-server/handlers/web/doctor.go:83.2,83.87 1 0
github.com/PhasitWo/duchenne-server/handlers/web/doctor.go:83.87,86.3 2 0
github.com/PhasitWo/duchenne-server/handlers/web/doctor.go:87.2,89.16 3 0
github.com/PhasitWo/duchenne-server/handlers/web/doctor.go:89.16,92.3 2 0
github.com/PhasitWo/duchenne-server/handlers/web/doctor.go:93.2,94.16 2 0
github.com/PhasitWo/duchenne-server/handlers/web/doctor.go:94.16,95.51 1 0
github.com/PhasitWo/duchenne-server/handlers/web/doctor.go:95.51,98.4 2 0
github.com/PhasitWo/duchenne-server/handlers/web/doctor.go:99.3,100.9 2 0
github.com/PhasitWo/duchenne-server/handlers/web/doctor.go:102.2,112.16 2 0
github.com/PhasitWo/duchenne-server/handlers/web/doctor.go:112.16,113.57 1 0
github.com/PhasitWo/duchenne-server/handlers/web/doctor.go:113.57,116.4 2 0
github.com/PhasitWo/duchenne-server/handlers/web/doctor.go:117.3,118.9 2 0
github.com/PhasitWo/duchenne-server/handlers/web/doctor.go:120.2,120.25 1 0
github.com/PhasitWo/duchenne-server/handlers/web/doctor.go:124.51,127.16 3 0
github.com/PhasitWo/duchenne-server/handlers/web/doctor.go:127.16,130.3 2 0
github.com/PhasitWo/duchenne-server/handlers/web/doctor.go:131.2,132.16 2 0
github.com/PhasitWo/duchenne-server/handlers/web/doctor.go:132.16,135.3 2 0
github.com/PhasitWo/duchenne-server/handlers/web/doctor.go:136.2,136.32 1 0
github.com/PhasitWo/duchenne-server/handlers/web/init.go:18.36,24.2 1 0
github.com/PhasitWo/duchenne-server/handlers/web/patient.go:14.49,17.16 3 0
github.com/PhasitWo/duchenne-server/handlers/web/patient.go:17.16,18.51 1 0
github.com/PhasitWo/duchenne-server/handlers/web/patient.go:18.51,21.4 2 0
github.com/PhasitWo/duchenne-server/handlers/web/patient.go:22.3,23.9 2 0
github.com/PhasitWo/duchenne-server/handlers/web/patient.go:25.2,25.32 1 0
github.com/PhasitWo/duchenne-server/handlers/web/patient.go:28.52,30.16 2 0
github.com/PhasitWo/duchenne-server/handlers/web/patient.go:30.16,33.3 2 0
github.com/PhasitWo/duchenne-server/handlers/web/patient.go:34.2,34.33 1 0
github.com/PhasitWo/duchenne-server/handlers/web/patient.go:37.52,39.49 2 0
github.com/PhasitWo/duchenne-server/handlers/web/patient.go:39.49,42.3 2 0
github.com/PhasitWo/duchenne-server/handlers/web/patient.go:43.2,54.16 2 0
github.com/PhasitWo/duchenne-server/handlers/web/patient.go:54.16,55.57 1 0
github.com/PhasitWo/duchenne-server/handlers/web/patient.go:55.57,58.4 2 0
github.com/PhasitWo/duchenne-server/handlers/web/patient.go:59.3,60.9 2 0
github.com/PhasitWo/duchenne-server/handlers/web/patient.go:62.2,62.53 1 0
github.com/PhasitWo/duchenne-server/handlers/web/patient.go:65.52,67.49 2 0
github.com/PhasitWo/duchenne-server/handlers/web/patient.go:67.49,70.3 2 0
github.com/PhasitWo/duchenne-server/handlers/web/patient.go:71.2,73.16 3 0
github.com/PhasitWo/duchenne-server/handlers/web/patient.go:73.16,76.3 2 0
github.com/PhasitWo/duchenne-server/handlers/web/patient.go:77.2,78.16 2 0
github.com/PhasitWo/duchenne-server/handlers/web/patient.go:78.16,79.51 1 0
github.com/PhasitWo/duchenne-server/handlers/web/patient.go:79.51,82.4 2 0
github.com/PhasitWo/duchenne-server/handlers/web/patient.go:83.3,84.9 2 0
github.com/PhasitWo/duchenne-server/handlers/web/patient.go:86.2,98.16 2 0
github.com/PhasitWo/duchenne-server/handlers/web/patient.go:98.16,99.57 1 0
github.com/PhasitWo/duchenne-server/handlers/web/patient.go:99.57,102.4 2 0
github.com/PhasitWo/duchenne-server/handlers/web/patient.go:103.3,104.9 2 0
github.com/PhasitWo/duchenne-server/handlers/web/patient.go:106.2,106.25 1 0
github.com/PhasitWo/duchenne-server/handlers/web/patient.go:110.52,113.16 3 0
github.com/PhasitWo/duchenne-server/handlers/web/patient.go:113.16,116.3 2 0
github.com/PhasitWo/duchenne-server/handlers/web/patient.go:117.2,118.16 2 0
github.com/PhasitWo/duchenne-server/handlers/web/patient.go:118.16,121.3 2 0
github.com/PhasitWo/duchenne-server/handlers/web/patient.go:122.2,122.32 1 0
github.com/PhasitWo/duchenne-server/handlers/web/patient.go:125.66,127.49 2 0
github.com/PhasitWo/duchenne-server/handlers/web/patient.go:127.49,130.3 2 0
github.com/PhasitWo/duchenne-server/handlers/web/patient.go:131.2,133.16 3 0
github.com/PhasitWo/duchenne-server/handlers/web/patient.go:133.16,136.3 2 0
github.com/PhasitWo/duchenne-server/handlers/web/patient.go:137.2,138.16 2 0
github.com/PhasitWo/duchenne-server/handlers/web/patient.go:138.16,139.51 1 0
github.com/PhasitWo/duchenne-server/handlers/web/patient.go:139.51,142.4 2 0
github.com/PhasitWo/duchenne-server/handlers/web/patient.go:143.3,144.9 2 0
github.com/PhasitWo/duchenne-server/handlers/web/patient.go:146.2,147.16 2 0
github.com/PhasitWo/duchenne-server/handlers/web/patient.go:147.16,150.3 2 0
github.com/PhasitWo/duchenne-server/handlers/web/patient.go:151.2,151.25 1 0
github.com/PhasitWo/duchenne-server/handlers/web/patient.go:154.60,156.49 2 0
github.com/PhasitWo/duchenne-server/handlers/web/patient.go:156.49,159.3 2 0
github.com/PhasitWo/duchenne-server/handlers/web/patient.go:160.2,162.16 3 0
github.com/PhasitWo/duchenne-server/handlers/web/patient.go:162.16,165.3 2 0
github.com/PhasitWo/duchenne-server/handlers/web/patient.go:166.2,167.16 2 0
github.com/PhasitWo/duchenne-server/handlers/web/patient.go:167.16,168.51 1 0
github.com/PhasitWo/duchenne-server/handlers/web/patient.go:168.51,171.4 2 0
github.com/PhasitWo/duchenne-server/handlers/web/patient.go:172.3,173.9 2 0
github.com/PhasitWo/duchenne-server/handlers/web/patient.go:175.2,176.16 2 0
github.com/PhasitWo/duchenne-server/handlers/web/patient.go:176.16,179.3 2 0
github.com/PhasitWo/duchenne-server/handlers/web/patient.go:180.2,180.25 1 0
github.com/PhasitWo/duchenne-server/handlers/web/profile.go:13.49,15.13 2 0
github.com/PhasitWo/duchenne-server/handlers/web/profile.go:15.13,18.3 2 0
github.com/PhasitWo/duchenne-server/handlers/web/profile.go:19.2,22.16 3 0
github.com/PhasitWo/duchenne-server/handlers/web/profile.go:22.16,23.51 1 0
github.com/PhasitWo/duchenne-server/handlers/web/profile.go:23.51,26.4 2 0
github.com/PhasitWo/duchenne-server/handlers/web/profile.go:27.3,28.9 2 0
github.com/PhasitWo/duchenne-server/handlers/web/profile.go:30.2,30.26 1 0
github.com/PhasitWo/duchenne-server/handlers/web/profile.go:33.52,35.13 2 0
github.com/PhasitWo/duchenne-server/handlers/web/profile.go:35.13,38.3 2 0
github.com/PhasitWo/duchenne-server/handlers/web/profile.go:39.2,41.13 3 0
github.com/PhasitWo/duchenne-server/handlers/web/profile.go:41.13,44.3 2 0
github.com/PhasitWo/duchenne-server/handlers/web/profile.go:45.2,48.49 3 0
github.com/PhasitWo/duchenne-server/handlers/web/profile.go:48.49,51.3 2 0
github.com/PhasitWo/duchenne-server/handlers/web/profile.go:52.2,63.16 2 0
github.com/PhasitWo/duchenne-server/handlers/web/profile.go:63.16,64.57 1 0
github.com/PhasitWo/duchenne-server/handlers/web/profile.go:64.57,67.4 2 0
github.com/PhasitWo/duchenne-server/handlers/web/profile.go:68.3,69.9 2 0
github.com/PhasitWo/duchenne-server/handlers/web/profile.go:71.2,71.25 1 0
github.com/PhasitWo/duchenne-server/handlers/web/question.go:14.53,20.44 5 0
github.com/PhasitWo/duchenne-server/handlers/web/question.go:20.44,22.17 2 0
github.com/PhasitWo/duchenne-server/handlers/web/question.go:22.17,25.4 2 0
github.com/PhasitWo/duchenne-server/handlers/web/question.go:27.2,27.46 1 0
github.com/PhasitWo/duchenne-server/handlers/web/question.go:27.46,29.17 2 0
github.com/PhasitWo/duchenne-server/handlers/web/question.go:29.17,32.4 2 0
github.com/PhasitWo/duchenne-server/handlers/web/question.go:34.2,34.47 1 0
github.com/PhasitWo/duchenne-server/handlers/web/question.go:34.47,36.17 2 0
github.com/PhasitWo/duchenne-server/handlers/web/question.go:36.17,39.4 2 0
github.com/PhasitWo/duchenne-server/handlers/web/question.go:40.3,40.112 1 0
github.com/PhasitWo/duchenne-server/handlers/web/question.go:42.2,42.48 1 0
github.com/PhasitWo/duchenne-server/handlers/web/question.go:42.48,44.17 2 0
github.com/PhasitWo/duchenne-server/handlers/web/question.go:44.17,47.4 2 0
github.com/PhasitWo/duchenne-server/handlers/web/question.go:48.3,48.114 1 0
github.com/PhasitWo/duchenne-server/handlers/web/question.go:50.2,50.43 1 0
github.com/PhasitWo/duchenne-server/handlers/web/question.go:50.43,51.21 1 0
github.com/PhasitWo/duchenne-server/handlers/web/question.go:51.21,53.4 1 0
github.com/PhasitWo/duchenne-server/handlers/web/question.go:53.9,53.30 1 0
github.com/PhasitWo/duchenne-server/handlers/web/question.go:53.30,55.4 1 0
github.com/PhasitWo/duchenne-server/handlers/web/question.go:55.9,58.4 2 0
github.com/PhasitWo/duchenne-server/handlers/web/question.go:61.2,62.16 2 0
github.com/PhasitWo/duchenne-server/handlers/web/question.go:62.16,65.3 2 0
github.com/PhasitWo/duchenne-server/handlers/web/question.go:66.2,66.27 1 0
github.com/PhasitWo/duchenne-server/handlers/web/question.go:69.50,72.16 3 0
github.com/PhasitWo/duchenne-server/handlers/web/question.go:72.16,73.51 1 0
github.com/PhasitWo/duchenne-server/handlers/web/question.go:73.51,76.4 2 0
github.com/PhasitWo/duchenne-server/handlers/web/question.go:77.3,78.9 2 0
github.com/PhasitWo/duchenne-server/handlers/web/question.go:80.2,80.26 1 0
github.com/PhasitWo/duchenne-server/handlers/web/question.go:83.53,86.16 3 0
github.com/PhasitWo/duchenne-server/handlers/web/question.go:86.16,89.3 2 0
github.com/PhasitWo/duchenne-server/handlers/web/question.go:90.2,91.16 2 0
github.com/PhasitWo/duchenne-server/handlers/web/question.go:91.16,92.51 1 0
github.com/PhasitWo/duchenne-server/handlers/web/question.go:92.51,95.4 2 0
github.com/PhasitWo/duchenne-server/handlers/web/question.go:96.3,97.9 2 0
github.com/PhasitWo/duchenne-server/handlers/web/question.go:100.2,100.23 1 0
github.com/PhasitWo/duchenne-server/handlers/web/question.go:100.23,103.3 2 0
github.com/PhasitWo/duchenne-server/handlers/web/question.go:105.2,106.49 2 0
github.com/PhasitWo/duchenne-server/handlers/web/question.go:106.49,109.3 2 0
github.com/PhasitWo/duchenne-server/handlers/web/question.go:110.2,111.13 2 0
github.com/PhasitWo/duchenne-server/handlers/web/question.go:111.13,114.3 2 0
github.com/PhasitWo/duchenne-server/handlers/web/question.go:115.2,118.16 3 0
github.com/PhasitWo/duchenne-server/handlers/web/question.go:118.16,121.3 2 0
github.com/PhasitWo/duchenne-server/handlers/web/question.go:122.2,123.25 2 0
github.com/PhasitWo/duchenne-server/repository/appointment.go:14.81,17.16 3 0
github.com/PhasitWo/duchenne-server/repository/appointment.go:17.16,19.3 1 0
github.com/PhasitWo/duchenne-server/repository/appointment.go:20.2,20.16 1 0
github.com/PhasitWo/duchenne-server/repository/appointment.go:24.112,28.16 4 0
github.com/PhasitWo/duchenne-server/repository/appointment.go:28.16,30.3 1 0
github.com/PhasitWo/duchenne-server/repository/appointment.go:31.2,31.17 1 0
github.com/PhasitWo/duchenne-server/repository/appointment.go:34.78,39.16 5 0
github.com/PhasitWo/duchenne-server/repository/appointment.go:39.16,41.59 2 0
github.com/PhasitWo/duchenne-server/repository/appointment.go:41.59,43.4 1 0
github.com/PhasitWo/duchenne-server/repository/appointment.go:44.3,44.42 1 0
github.com/PhasitWo/duchenne-server/repository/appointment.go:46.2,46.28 1 0
github.com/PhasitWo/duchenne-server/repository/appointment.go:49.71,52.16 3 0
github.com/PhasitWo/duchenne-server/repository/appointment.go:52.16,54.59 2 0
github.com/PhasitWo/duchenne-server/repository/appointment.go:54.59,56.4 1 0
github.com/PhasitWo/duchenne-server/repository/appointment.go:57.3,57.38 1 0
github.com/PhasitWo/duchenne-server/repository/appointment.go:59.2,59.12 1 0
github.com/PhasitWo/duchenne-server/repository/appointment.go:62.59,64.16 2 0
github.com/PhasitWo/duchenne-server/repository/appointment.go:64.16,66.3 1 0
github.com/PhasitWo/duchenne-server/repository/appointment.go:67.2,67.12 1 0
github.com/PhasitWo/duchenne-server/repository/criteria.go:15.38,16.20 1 0
github.com/PhasitWo/duchenne-server/repository/criteria.go:16.20,18.3 1 0
github.com/PhasitWo/duchenne-server/repository/criteria.go:19.2,19.57 1 0
github.com/PhasitWo/duchenne-server/repository/criteria.go:34.65,35.24 1 0
github.com/PhasitWo/duchenne-server/repository/criteria.go:35.24,37.3 1 0
github.com/PhasitWo/duchenne-server/repository/criteria.go:38.2,38.29 1 0
github.com/PhasitWo/duchenne-server/repository/criteria.go:38.29,40.3 1 0
github.com/PhasitWo/duchenne-server/repository/criteria.go:41.2,41.11 1 0
github.com/PhasitWo/duchenne-server/repository/device.go:9.75,13.16 4 0
github.com/PhasitWo/duchenne-server/repository/device.go:13.16,15.3 1 0
github.com/PhasitWo/duchenne-server/repository/device.go:16.2,16.17 1 0
github.com/PhasitWo/duchenne-server/repository/device.go:19.51,21.16 2 0
github.com/PhasitWo/duchenne-server/repository/device.go:21.16,23.3 1 0
github.com/PhasitWo/duchenne-server/repository/device.go:24.2,24.12 1 0
github.com/PhasitWo/duchenne-server/repository/device.go:27.58,29.16 2 0
github.com/PhasitWo/duchenne-server/repository/device.go:29.16,31.3 1 0
github.com/PhasitWo/duchenne-server/repository/device.go:32.2,32.18 1 0
github.com/PhasitWo/duchenne-server/repository/device.go:35.49,37.16 2 0
github.com/PhasitWo/duchenne-server/repository/device.go:37.16,39.3 1 0
github.com/PhasitWo/duchenne-server/repository/device.go:40.2,40.12 1 0
github.com/PhasitWo/duchenne-server/repository/doctor.go:11.75,14.16 3 0
github.com/PhasitWo/duchenne-server/repository/doctor.go:14.16,16.3 1 0
github.com/PhasitWo/duchenne-server/repository/doctor.go:17.2,17.15 1 0
github.com/PhasitWo/duchenne-server/repository/doctor.go:20.60,23.16 3 0
github.com/PhasitWo/duchenne-server/repository/doctor.go:23.16,25.3 1 0
github.com/PhasitWo/duchenne-server/repository/doctor.go:26.2,26.15 1 0
github.com/PhasitWo/duchenne-server/repository/doctor.go:29.59,32.16 3 0
github.com/PhasitWo/duchenne-server/repository/doctor.go:32.16,34.3 1 0
github.com/PhasitWo/duchenne-server/repository/doctor.go:35.2,35.17 1 0
github.com/PhasitWo/duchenne-server/repository/doctor.go:39.63,41.16 2 0
github.com/PhasitWo/duchenne-server/repository/doctor.go:41.16,43.59 2 0
github.com/PhasitWo/duchenne-server/repository/doctor.go:43.59,45.4 1 0
github.com/PhasitWo/duchenne-server/repository/doctor.go:46.3,46.42 1 0
github.com/PhasitWo/duchenne-server/repository/doctor.go:48.2,48.23 1 0
github.com/PhasitWo/duchenne-server/repository/doctor.go:51.56,53.16 2 0
github.com/PhasitWo/duchenne-server/repository/doctor.go:53.16,55.59 2 0
github.com/PhasitWo/duchenne-server/repository/doctor.go:55.59,57.4 1 0
github.com/PhasitWo/duchenne-server/repository/doctor.go:58.3,58.38 1 0
github.com/PhasitWo/duchenne-server/repository/doctor.go:60.2,60.12 1 0
github.com/PhasitWo/duchenne-server/repository/doctor.go:63.47,65.16 2 0
github.com/PhasitWo/duchenne-server/repository/doctor.go:65.16,67.3 1 0
github.com/PhasitWo/duchenne-server/repository/doctor.go:68.2,68.12 1 0
github.com/PhasitWo/duchenne-server/repository/interface.go:17.29,19.2 1 0
github.com/PhasitWo/duchenne-server/repository/patient.go:14.62,17.16 3 0
github.com/PhasitWo/duchenne-server/repository/patient.go:17.16,19.3 1 0
github.com/PhasitWo/duchenne-server/repository/patient.go:20.2,20.15 1 0
github.com/PhasitWo/duchenne-server/repository/patient.go:25.65,28.16 3 0
github.com/PhasitWo/duchenne-server/repository/patient.go:28.16,30.3 1 0
github.com/PhasitWo/duchenne-server/repository/patient.go:31.2,31.15 1 0
github.com/PhasitWo/duchenne-server/repository/patient.go:34.57,37.16 3 0
github.com/PhasitWo/duchenne-server/repository/patient.go:37.16,39.3 1 0
github.com/PhasitWo/duchenne-server/repository/patient.go:40.2,40.17 1 0
github.com/PhasitWo/duchenne-server/repository/patient.go:44.66,46.16 2 0
github.com/PhasitWo/duchenne-server/repository/patient.go:46.16,48.59 2 0
github.com/PhasitWo/duchenne-server/repository/patient.go:48.59,50.4 1 0
github.com/PhasitWo/duchenne-server/repository/patient.go:51.3,51.42 1 0
github.com/PhasitWo/duchenne-server/repository/patient.go:53.2,53.24 1 0
github.com/PhasitWo/duchenne-server/repository/patient.go:56.59,58.16 2 0
github.com/PhasitWo/duchenne-server/repository/patient.go:58.16,60.59 2 0
github.com/PhasitWo/duchenne-server/repository/patient.go:60.59,62.4 1 0
github.com/PhasitWo/duchenne-server/repository/patient.go:63.3,63.38 1 0
github.com/PhasitWo/duchenne-server/repository/patient.go:65.2,65.12 1 0
github.com/PhasitWo/duchenne-server/repository/patient.go:68.104,73.16 2 0
github.com/PhasitWo/duchenne-server/repository/patient.go:73.16,75.3 1 0
github.com/PhasitWo/duchenne-server/repository/patient.go:76.2,76.12 1 0
github.com/PhasitWo/duchenne-server/repository/patient.go:79.87,84.16 2 0
github.com/PhasitWo/duchenne-server/repository/patient.go:84.16,86.3 1 0
github.com/PhasitWo/duchenne-server/repository/patient.go:87.2,87.12 1 0
github.com/PhasitWo/duchenne-server/repository/patient.go:90.48,92.16 2 0
github.com/PhasitWo/duchenne-server/repository/patient.go:92.16,94.3 1 0
github.com/PhasitWo/duchenne-server/repository/patient.go:95.2,95.12 1 0
github.com/PhasitWo/duchenne-server/repository/question.go:10.72,13.16 3 0
github.com/PhasitWo/duchenne-server/repository/question.go:13.16,15.3 1 0
github.com/PhasitWo/duchenne-server/repository/question.go:16.2,16.15 1 0
github.com/PhasitWo/duchenne-server/repository/question.go:20.107,24.16 4 0
github.com/PhasitWo/duchenne-server/repository/question.go:24.16,26.3 1 0
github.com/PhasitWo/duchenne-server/repository/question.go:27.2,27.17 1 0
github.com/PhasitWo/duchenne-server/repository/question.go:30.104,33.16 3 0
github.com/PhasitWo/duchenne-server/repository/question.go:33.16,35.3 1 0
github.com/PhasitWo/duchenne-server/repository/question.go:36.2,36.18 1 0
github.com/PhasitWo/duchenne-server/repository/question.go:39.88,42.16 3 0
github.com/PhasitWo/duchenne-server/repository/question.go:42.16,44.3 1 0
github.com/PhasitWo/duchenne-server/repository/question.go:45.2,45.12 1 0
github.com/PhasitWo/duchenne-server/repository/question.go:48.53,50.16 2 0
github.com/PhasitWo/duchenne-server/repository/question.go:50.16,52.3 1 0
github.com/PhasitWo/duchenne-server/repository/question.go:53.2,53.12 1 0
github.com/PhasitWo/duchenne-server/repository/repository_mock.go:19.49,21.2 1 0
github.com/PhasitWo/duchenne-server/repository/repository_mock.go:24.83,27.19 2 0
github.com/PhasitWo/duchenne-server/repository/repository_mock.go:27.19,28.59 1 0
github.com/PhasitWo/duchenne-server/repository/repository_mock.go:31.2,33.69 3 0
github.com/PhasitWo/duchenne-server/repository/repository_mock.go:33.69,35.3 1 0
github.com/PhasitWo/duchenne-server/repository/repository_mock.go:36.2,36.60 1 0
github.com/PhasitWo/duchenne-server/repository/repository_mock.go:36.60,38.3 1 0
github.com/PhasitWo/duchenne-server/repository/repository_mock.go:38.8,40.3 1 0
github.com/PhasitWo/duchenne-server/repository/repository_mock.go:42.2,42.62 1 0
github.com/PhasitWo/duchenne-server/repository/repository_mock.go:42.62,44.3 1 0
github.com/PhasitWo/duchenne-server/repository/repository_mock.go:44.8,46.3 1 0
github.com/PhasitWo/duchenne-server/repository/repository_mock.go:48.2,48.15 1 0
github.com/PhasitWo/duchenne-server/repository/repository_mock.go:58.106,60.2 1 0
github.com/PhasitWo/duchenne-server/repository/repository_mock.go:62.122,63.40 1 0
github.com/PhasitWo/duchenne-server/repository/repository_mock.go:63.40,65.3 1 0
github.com/PhasitWo/duchenne-server/repository/repository_mock.go:66.2,66.11 1 0
github.com/PhasitWo/duchenne-server/repository/repository_mock.go:69.104,72.2 2 0
github.com/PhasitWo/duchenne-server/repository/repository_mock.go:74.132,77.2 2 0
github.com/PhasitWo/duchenne-server/repository/repository_mock.go:80.63,83.19 2 0
github.com/PhasitWo/duchenne-server/repository/repository_mock.go:83.19,84.54 1 0
github.com/PhasitWo/duchenne-server/repository/repository_mock.go:87.2,89.64 3 0
github.com/PhasitWo/duchenne-server/repository/repository_mock.go:89.64,91.3 1 0
github.com/PhasitWo/duchenne-server/repository/repository_mock.go:92.2,92.55 1 0
github.com/PhasitWo/duchenne-server/repository/repository_mock.go:92.55,94.3 1 0
github.com/PhasitWo/duchenne-server/repository/repository_mock.go:94.8,96.3 1 0
github.com/PhasitWo/duchenne-server/repository/repository_mock.go:98.2,98.57 1 0
github.com/PhasitWo/duchenne-server/repository/repository_mock.go:98.57,100.3 1 0
github.com/PhasitWo/duchenne-server/repository/repository_mock.go:100.8,102.3 1 0
github.com/PhasitWo/duchenne-server/repository/repository_mock.go:104.2,104.15 1 0
github.com/PhasitWo/duchenne-server/repository/repository_mock.go:114.86,116.2 1 0
github.com/PhasitWo/duchenne-server/repository/repository_mock.go:118.97,119.40 1 0
github.com/PhasitWo/duchenne-server/repository/repository_mock.go:119.40,121.3 1 0
github.com/PhasitWo/duchenne-server/repository/repository_mock.go:122.2,122.11 1 0
github.com/PhasitWo/duchenne-server/repository/repository_mock.go:125.94,128.2 2 0
github.com/PhasitWo/duchenne-server/repository/repository_mock.go:130.117,133.2 2 0
github.com/PhasitWo/duchenne-server/repository/repository_mock.go:136.68,139.19 2 0
github.com/PhasitWo/duchenne-server/repository/repository_mock.go:139.19,140.54 1 0
github.com/PhasitWo/duchenne-server/repository/repository_mock.go:143.2,145.64 3 0
github.com/PhasitWo/duchenne-server/repository/repository_mock.go:145.64,147.3 1 0
github.com/PhasitWo/duchenne-server/repository/repository_mock.go:148.2,148.55 1 0
github.com/PhasitWo/duchenne-server/repository/repository_mock.go:148.55,150.3 1 0
github.com/PhasitWo/duchenne-server/repository/repository_mock.go:150.8,152.3 1 0
github.com/PhasitWo/duchenne-server/repository/repository_mock.go:154.2,154.57 1 0
github.com/PhasitWo/duchenne-server/repository/repository_mock.go:154.57,156.3 1 0
github.com/PhasitWo/duchenne-server/repository/repository_mock.go:156.8,158.3 1 0
github.com/PhasitWo/duchenne-server/repository/repository_mock.go:160.2,160.15 1 0
github.com/PhasitWo/duchenne-server/repository/repository_mock.go:170.91,172.2 1 0
github.com/PhasitWo/duchenne-server/repository/repository_mock.go:174.102,175.40 1 0
github.com/PhasitWo/duchenne-server/repository/repository_mock.go:175.40,177.3 1 0
github.com/PhasitWo/duchenne-server/repository/repository_mock.go:178.2,178.11 1 0
github.com/PhasitWo/duchenne-server/repository/repository_mock.go:181.94,184.2 2 0
github.com/PhasitWo/duchenne-server/repository/repository_mock.go:186.117,189.2 2 0
github.com/PhasitWo/duchenne-server/repository/repository_mock.go:192.71,195.19 2 0
github.com/PhasitWo/duchenne-server/repository/repository_mock.go:195.19,196.55 1 0
github.com/PhasitWo/duchenne-server/repository/repository_mock.go:199.2,201.65 3 0
github.com/PhasitWo/duchenne-server/repository/repository_mock.go:201.65,203.3 1 0
github.com/PhasitWo/duchenne-server/repository/repository_mock.go:204.2,204.56 1 0
github.com/PhasitWo/duchenne-server/repository/repository_mock.go:204.56,206.3 1 0
github.com/PhasitWo/duchenne-server/repository/repository_mock.go:206.8,208.3 1 0
github.com/PhasitWo/duchenne-server/repository/repository_mock.go:210.2,210.58 1 0
github.com/PhasitWo/duchenne-server/repository/repository_mock.go:210.58,212.3 1 0
github.com/PhasitWo/duchenne-server/repository/repository_mock.go:212.8,214.3 1 0
github.com/PhasitWo/duchenne-server/repository/repository_mock.go:216.2,216.15 1 0
github.com/PhasitWo/duchenne-server/repository/repository_mock.go:226.94,228.2 1 0
github.com/PhasitWo/duchenne-server/repository/repository_mock.go:230.106,231.40 1 0
github.com/PhasitWo/duchenne-server/repository/repository_mock.go:231.40,233.3 1 0
github.com/PhasitWo/duchenne-server/repository/repository_mock.go:234.2,234.11 1 0
github.com/PhasitWo/duchenne-server/repository/repository_mock.go:237.96,240.2 2 0
github.com/PhasitWo/duchenne-server/repository/repository_mock.go:242.120,245.2 2 0
github.com/PhasitWo/duchenne-server/repository/repository_mock.go:248.109,251.19 2 0
github.com/PhasitWo/duchenne-server/repository/repository_mock.go:251.19,252.56 1 0
github.com/PhasitWo/duchenne-server/repository/repository_mock.go:255.2,257.76 3 0
github.com/PhasitWo/duchenne-server/repository/repository_mock.go:257.76,259.3 1 0
github.com/PhasitWo/duchenne-server/repository/repository_mock.go:260.2,260.67 1 0
github.com/PhasitWo/duchenne-server/repository/repository_mock.go:260.67,262.3 1 0
github.com/PhasitWo/duchenne-server/repository/repository_mock.go:262.8,264.3 1 0
github.com/PhasitWo/duchenne-server/repository/repository_mock.go:266.2,266.69 1 0
github.com/PhasitWo/duchenne-server/repository/repository_mock.go:266.69,268.3 1 0
github.com/PhasitWo/duchenne-server/repository/repository_mock.go:268.8,270.3 1 0
github.com/PhasitWo/duchenne-server/repository/repository_mock.go:272.2,272.15 1 0
github.com/PhasitWo/duchenne-server/repository/repository_mock.go:285.161,287.2 1 0
github.com/PhasitWo/duchenne-server/repository/repository_mock.go:289.145,290.40 1 0
github.com/PhasitWo/duchenne-server/repository/repository_mock.go:290.40,292.3 1 0
github.com/PhasitWo/duchenne-server/repository/repository_mock.go:293.2,293.11 1 0
github.com/PhasitWo/duchenne-server/repository/repository_mock.go:296.98,299.2 2 0
github.com/PhasitWo/duchenne-server/repository/repository_mock.go:301.133,304.2 2 0
github.com/PhasitWo/duchenne-server/repository/repository_mock.go:307.72,310.19 2 0
github.com/PhasitWo/duchenne-server/repository/repository_mock.go:310.19,311.59 1 0
github.com/PhasitWo/duchenne-server/repository/repository_mock.go:314.2,315.56 2 0
github.com/PhasitWo/duchenne-server/repository/repository_mock.go:315.56,317.3 1 0
github.com/PhasitWo/duchenne-server/repository/repository_mock.go:317.8,319.3 1 0
github.com/PhasitWo/duchenne-server/repository/repository_mock.go:321.2,321.11 1 0
github.com/PhasitWo/duchenne-server/repository/repository_mock.go:331.108,333.2 1 0
github.com/PhasitWo/duchenne-server/repository/repository_mock.go:335.118,336.40 1 0
github.com/PhasitWo/duchenne-server/repository/repository_mock.go:336.40,338.3 1 0
github.com/PhasitWo/duchenne-server/repository/repository_mock.go:339.2,339.11 1 0
github.com/PhasitWo/duchenne-server/repository/repository_mock.go:342.95,345.2 2 0
github.com/PhasitWo/duchenne-server/repository/repository_mock.go:347.119,350.2 2 0
github.com/PhasitWo/duchenne-server/repository/repository_mock.go:353.62,356.19 2 0
github.com/PhasitWo/duchenne-server/repository/repository_mock.go:356.19,357.54 1 0
github.com/PhasitWo/duchenne-server/repository/repository_mock.go:360.2,361.56 2 0
github.com/PhasitWo/duchenne-server/repository/repository_mock.go:361.56,363.3 1 0
github.com/PhasitWo/duchenne-server/repository/repository_mock.go:363.8,365.3 1 0
github.com/PhasitWo/duchenne-server/repository/repository_mock.go:367.2,367.11 1 0
github.com/PhasitWo/duchenne-server/repository/repository_mock.go:377.93,379.2 1 0
github.com/PhasitWo/duchenne-server/repository/repository_mock.go:381.103,382.40 1 0
github.com/PhasitWo/duchenne-server/repository/repository_mock.go:382.40,384.3 1 0
github.com/PhasitWo/duchenne-server/repository/repository_mock.go:385.2,385.11 1 0
github.com/PhasitWo/duchenne-server/repository/repository_mock.go:388.85,391.2 2 0
github.com/PhasitWo/duchenne-server/repository/repository_mock.go:393.109,396.2 2 0
github.com/PhasitWo/duchenne-server/repository/repository_mock.go:399.60,402.19 2 0
github.com/PhasitWo/duchenne-server/repository/repository_mock.go:402.19,403.58 1 0
github.com/PhasitWo/duchenne-server/repository/repository_mock.go:406.2,407.56 2 0
github.com/PhasitWo/duchenne-server/repository/repository_mock.go:407.56,409.3 1 0
github.com/PhasitWo/duchenne-server/repository/repository_mock.go:409.8,411.3 1 0
github.com/PhasitWo/duchenne-server/repository/repository_mock.go:413.2,413.11 1 0
github.com/PhasitWo/duchenne-server/repository/repository_mock.go:423.95,425.2 1 0
github.com/PhasitWo/duchenne-server/repository/repository_mock.go:427.105,428.40 1 0
github.com/PhasitWo/duchenne-server/repository/repository_mock.go:428.40,430.3 1 0
github.com/PhasitWo/duchenne-server/repository/repository_mock.go:431.2,431.11 1 0
github.com/PhasitWo/duchenne-server/repository/repository_mock.go:434.93,437.2 2 0
github.com/PhasitWo/duchenne-server/repository/repository_mock.go:439.117,442.2 2 0
github.com/PhasitWo/duchenne-server/repository/repository_mock.go:445.61,448.19 2 0
github.com/PhasitWo/duchenne-server/repository/repository_mock.go:448.19,449.59 1 0
github.com/PhasitWo/duchenne-server/repository/repository_mock.go:452.2,453.56 2 0
github.com/PhasitWo/duchenne-server/repository/repository_mock.go:453.56,455.3 1 0
github.com/PhasitWo/duchenne-server/repository/repository_mock.go:455.8,457.3 1 0
github.com/PhasitWo/duchenne-server/repository/repository_mock.go:459.2,459.11 1 0
github.com/PhasitWo/duchenne-server/repository/repository_mock.go:469.97,471.2 1 0
github.com/PhasitWo/duchenne-server/repository/repository_mock.go:473.107,474.40 1 0
github.com/PhasitWo/duchenne-server/repository/repository_mock.go:474.40,476.3 1 0
github.com/PhasitWo/duchenne-server/repository/repository_mock.go:477.2,477.11 1 0
github.com/PhasitWo/duchenne-server/repository/repository_mock.go:480.95,483.2 2 0
github.com/PhasitWo/duchenne-server/repository/repository_mock.go:485.119,488.2 2 0
github.com/PhasitWo/duchenne-server/repository/repository_mock.go:491.66,494.19 2 0
github.com/PhasitWo/duchenne-server/repository/repository_mock.go:494.19,495.56 1 0
github.com/PhasitWo/duchenne-server/repository/repository_mock.go:498.2,499.56 2 0
github.com/PhasitWo/duchenne-server/repository/repository_mock.go:499.56,501.3 1 0
github.com/PhasitWo/duchenne-server/repository/repository_mock.go:501.8,503.3 1 0
github.com/PhasitWo/duchenne-server/repository/repository_mock.go:505.2,505.11 1 0
github.com/PhasitWo/duchenne-server/repository/repository_mock.go:515.99,517.2 1 0
github.com/PhasitWo/duchenne-server/repository/repository_mock.go:519.109,520.40 1 0
github.com/PhasitWo/duchenne-server/repository/repository_mock.go:520.40,522.3 1 0
github.com/PhasitWo/duchenne-server/repository/repository_mock.go:523.2,523.11 1 0
github.com/PhasitWo/duchenne-server/repository/repository_mock.go:526.89,529.2 2 0
github.com/PhasitWo/duchenne-server/repository/repository_mock.go:531.113,534.2 2 0
github.com/PhasitWo/duchenne-server/repository/repository_mock.go:537.117,539.27 2 0
github.com/PhasitWo/duchenne-server/repository/repository_mock.go:539.27,541.3 1 0
github.com/PhasitWo/duchenne-server/repository/repository_mock.go:542.2,547.19 5 0
github.com/PhasitWo/duchenne-server/repository/repository_mock.go:547.19,548.59 1 0
github.com/PhasitWo/duchenne-server/repository/repository_mock.go:551.2,553.93 3 0
github.com/PhasitWo/duchenne-server/repository/repository_mock.go:553.93,555.3 1 0
github.com/PhasitWo/duchenne-server/repository/repository_mock.go:556.2,556.84 1 0
github.com/PhasitWo/duchenne-server/repository/repository_mock.go:556.84,558.3 1 0
github.com/PhasitWo/duchenne-server/repository/repository_mock.go:558.8,559.24 1 0
github.com/PhasitWo/duchenne-server/repository/repository_mock.go:559.24,561.4 1 0
github.com/PhasitWo/duchenne-server/repository/repository_mock.go:564.2,564.66 1 0
github.com/PhasitWo/duchenne-server/repository/repository_mock.go:564.66,566.3 1 0
github.com/PhasitWo/duchenne-server/repository/repository_mock.go:566.8,568.3 1 0
github.com/PhasitWo/duchenne-server/repository/repository_mock.go:570.2,570.15 1 0
github.com/PhasitWo/duchenne-server/repository/repository_mock.go:582.145,585.2 1 0
github.com/PhasitWo/duchenne-server/repository/repository_mock.go:587.136,588.40 1 0
github.com/PhasitWo/duchenne-server/repository/repository_mock.go:588.40,590.30 2 0
github.com/PhasitWo/duchenne-server/repository/repository_mock.go:590.30,591.16 1 0
github.com/PhasitWo/duchenne-server/repository/repository_mock.go:591.16,593.5 1 0
github.com/PhasitWo/duchenne-server/repository/repository_mock.go:595.3,595.53 1 0
github.com/PhasitWo/duchenne-server/repository/repository_mock.go:597.2,597.11 1 0
github.com/PhasitWo/duchenne-server/repository/repository_mock.go:600.124,603.2 2 0
github.com/PhasitWo/duchenne-server/repository/repository_mock.go:605.156,608.2 2 0
github.com/PhasitWo/duchenne-server/repository/repository_mock.go:611.80,613.27 2 0
github.com/PhasitWo/duchenne-server/repository/repository_mock.go:613.27,615.3 1 0
github.com/PhasitWo/duchenne-server/repository/repository_mock.go:616.2,620.19 4 0
github.com/PhasitWo/duchenne-server/repository/repository_mock.go:620.19,621.54 1 0
github.com/PhasitWo/duchenne-server/repository/repository_mock.go:624.2,626.74 3 0
github.com/PhasitWo/duchenne-server/repository/repository_mock.go:626.74,628.3 1 0
github.com/PhasitWo/duchenne-server/repository/repository_mock.go:629.2,629.65 1 0
github.com/PhasitWo/duchenne-server/repository/repository_mock.go:629.65,631.3 1 0
github.com/PhasitWo/duchenne-server/repository/repository_mock.go:631.8,632.24 1 0
github.com/PhasitWo/duchenne-server/repository/repository_mock.go:632.24,634.4 1 0
github.com/PhasitWo/duchenne-server/repository/repository_mock.go:637.2,637.56 1 0
github.com/PhasitWo/duchenne-server/repository/repository_mock.go:637.56,639.3 1 0
github.com/PhasitWo/duchenne-server/repository/repository_mock.go:639.8,641.3 1 0
github.com/PhasitWo/duchenne-server/repository/repository_mock.go:643.2,643.15 1 0
github.com/PhasitWo/duchenne-server/repository/repository_mock.go:653.96,656.2 1 0
github.com/PhasitWo/duchenne-server/repository/repository_mock.go:658.103,659.40 1 0
github.com/PhasitWo/duchenne-server/repository/repository_mock.go:659.40,661.30 2 0
github.com/PhasitWo/duchenne-server/repository/repository_mock.go:661.30,662.16 1 0
github.com/PhasitWo/duchenne-server/repository/repository_mock.go:662.16,664.5 1 0
github.com/PhasitWo/duchenne-server/repository/repository_mock.go:666.3,666.23 1 0
github.com/PhasitWo/duchenne-server/repository/repository_mock.go:668.2,668.11 1 0
github.com/PhasitWo/duchenne-server/repository/repository_mock.go:671.105,674.2 2 0
github.com/PhasitWo/duchenne-server/repository/repository_mock.go:676.127,679.2 2 0
github.com/PhasitWo/duchenne-server/repository/repository_mock.go:682.64,685.19 2 0
github.com/PhasitWo/duchenne-server/repository/repository_mock.go:685.19,686.54 1 0
github.com/PhasitWo/duchenne-server/repository/repository_mock.go:689.2,691.67 3 0
github.com/PhasitWo/duchenne-server/repository/repository_mock.go:691.67,693.3 1 0
github.com/PhasitWo/duchenne-server/repository/repository_mock.go:694.2,694.58 1 0
github.com/PhasitWo/duchenne-server/repository/repository_mock.go:694.58,696.3 1 0
github.com/PhasitWo/duchenne-server/repository/repository_mock.go:696.8,697.24 1 0
github.com/PhasitWo/duchenne-server/repository/repository_mock.go:697.24,699.4 1 0
github.com/PhasitWo/duchenne-server/repository/repository_mock.go:702.2,702.45 1 0
github.com/PhasitWo/duchenne-server/repository/repository_mock.go:702.45,704.3 1 0
github.com/PhasitWo/duchenne-server/repository/repository_mock.go:704.8,706.3 1 0
github.com/PhasitWo/duchenne-server/repository/repository_mock.go:708.2,708.15 1 0
github.com/PhasitWo/duchenne-server/repository/repository_mock.go:717.73,719.2 1 0
github.com/PhasitWo/duchenne-server/repository/repository_mock.go:721.83,722.40 1 0
github.com/PhasitWo/duchenne-server/repository/repository_mock.go:722.40,724.3 1 0
github.com/PhasitWo/duchenne-server/repository/repository_mock.go:725.2,725.11 1 0
github.com/PhasitWo/duchenne-server/repository/repository_mock.go:728.109,731.2 2 0
github.com/PhasitWo/duchenne-server/repository/repository_mock.go:733.120,736.2 2 0
github.com/PhasitWo/duchenne-server/repository/repository_mock.go:739.62,742.19 2 0
github.com/PhasitWo/duchenne-server/repository/repository_mock.go:742.19,743.55 1 0
github.com/PhasitWo/duchenne-server/repository/repository_mock.go:746.2,748.64 3 0
github.com/PhasitWo/duchenne-server/repository/repository_mock.go:748.64,750.3 1 0
github.com/PhasitWo/duchenne-server/repository/repository_mock.go:751.2,751.55 1 0
github.com/PhasitWo/duchenne-server/repository/repository_mock.go:751.55,753.3 1 0
github.com/PhasitWo/duchenne-server/repository/repository_mock.go:753.8,754.24 1 0
github.com/PhasitWo/duchenne-server/repository/repository_mock.go:754.24,756.4 1 0
github.com/PhasitWo/duchenne-server/repository/repository_mock.go:759.2,759.45 1 0
github.com/PhasitWo/duchenne-server/repository/repository_mock.go:759.45,761.3 1 0
github.com/PhasitWo/duchenne-server/repository/repository_mock.go:761.8,763.3 1 0
github.com/PhasitWo/duchenne-server/repository/repository_mock.go:765.2,765.15 1 0
github.com/PhasitWo/duchenne-server/repository/repository_mock.go:774.75,776.2 1 0
github.com/PhasitWo/duchenne-server/repository/repository_mock.go:778.85,779.40 1 0
github.com/PhasitWo/duchenne-server/repository/repository_mock.go:779.40,781.3 1 0
github.com/PhasitWo/duchenne-server/repository/repository_mock.go:782.2,782.11 1 0
github.com/PhasitWo/duchenne-server/repository/repository_mock.go:785.108,788.2 2 0
github.com/PhasitWo/duchenne-server/repository/repository_mock.go:790.119,793.2 2 0
github.com/PhasitWo/duchenne-server/repository/repository_mock.go:796.112,798.27 2 0
github.com/PhasitWo/duchenne-server/repository/repository_mock.go:798.27,800.3 1 0
github.com/PhasitWo/duchenne-server/repository/repository_mock.go:801.2,806.19 5 0
github.com/PhasitWo/duchenne-server/repository/repository_mock.go:806.19,807.56 1 0
github.com/PhasitWo/duchenne-server/repository/repository_mock.go:810.2,812.91 3 0
github.com/PhasitWo/duchenne-server/repository/repository_mock.go:812.91,814.3 1 0
github.com/PhasitWo/duchenne-server/repository/repository_mock.go:815.2,815.82 1 0
github.com/PhasitWo/duchenne-server/repository/repository_mock.go:815.82,817.3 1 0
github.com/PhasitWo/duchenne-server/repository/repository_mock.go:817.8,818.24 1 0
github.com/PhasitWo/duchenne-server/repository/repository_mock.go:818.24,820.4 1 0
github.com/PhasitWo/duchenne-server/repository/repository_mock.go:823.2,823.66 1 0
github.com/PhasitWo/duchenne-server/repository/repository_mock.go:823.66,825.3 1 0
github.com/PhasitWo/duchenne-server/repository/repository_mock.go:825.8,827.3 1 0
github.com/PhasitWo/duchenne-server/repository/repository_mock.go:829.2,829.15 1 0
github.com/PhasitWo/duchenne-server/repository/repository_mock.go:841.139,844.2 1 0
github.com/PhasitWo/duchenne-server/repository/repository_mock.go:846.130,847.40 1 0
github.com/PhasitWo/duchenne-server/repository/repository_mock.go:847.40,849.30 2 0
github.com/PhasitWo/duchenne-server/repository/repository_mock.go:849.30,850.16 1 0
github.com/PhasitWo/duchenne-server/repository/repository_mock.go:850.16,852.5 1 0
github.com/PhasitWo/duchenne-server/repository/repository_mock.go:854.3,854.53 1 0
github.com/PhasitWo/duchenne-server/repository/repository_mock.go:856.2,856.11 1 0
github.com/PhasitWo/duchenne-server/repository/repository_mock.go:859.116,862.2 2 0
github.com/PhasitWo/duchenne-server/repository/repository_mock.go:864.148,867.2 2 0
github.com/PhasitWo/duchenne-server/repository/repository_mock.go:870.94,873.19 2 0
github.com/PhasitWo/duchenne-server/repository/repository_mock.go:873.19,874.56 1 0
github.com/PhasitWo/duchenne-server/repository/repository_mock.go:877.2,879.81 3 0
github.com/PhasitWo/duchenne-server/repository/repository_mock.go:879.81,881.3 1 0
github.com/PhasitWo/duchenne-server/repository/repository_mock.go:882.2,882.72 1 0
github.com/PhasitWo/duchenne-server/repository/repository_mock.go:882.72,884.3 1 0
github.com/PhasitWo/duchenne-server/repository/repository_mock.go:884.8,886.3 1 0
github.com/PhasitWo/duchenne-server/repository/repository_mock.go:888.2,888.56 1 0
github.com/PhasitWo/duchenne-server/repository/repository_mock.go:888.56,890.3 1 0
github.com/PhasitWo/duchenne-server/repository/repository_mock.go:890.8,892.3 1 0
github.com/PhasitWo/duchenne-server/repository/repository_mock.go:894.2,894.15 1 0
github.com/PhasitWo/duchenne-server/repository/repository_mock.go:904.102,906.2 1 0
github.com/PhasitWo/duchenne-server/repository/repository_mock.go:908.112,909.40 1 0
github.com/PhasitWo/duchenne-server/repository/repository_mock.go:909.40,911.3 1 0
github.com/PhasitWo/duchenne-server/repository/repository_mock.go:912.2,912.11 1 0
github.com/PhasitWo/duchenne-server/repository/repository_mock.go:915.116,918.2 2 0
github.com/PhasitWo/duchenne-server/repository/repository_mock.go:920.138,923.2 2 0
github.com/PhasitWo/duchenne-server/repository/repository_mock.go:926.73,929.19 2 0
github.com/PhasitWo/duchenne-server/repository/repository_mock.go:929.19,930.55 1 0
github.com/PhasitWo/duchenne-server/repository/repository_mock.go:933.2,935.72 3 0
github.com/PhasitWo/duchenne-server/repository/repository_mock.go:935.72,937.3 1 0
github.com/PhasitWo/duchenne-server/repository/repository_mock.go:938.2,938.63 1 0
github.com/PhasitWo/duchenne-server/repository/repository_mock.go:938.63,940.3 1 0
github.com/PhasitWo/duchenne-server/repository/repository_mock.go:940.8,942.3 1 0
github.com/PhasitWo/duchenne-server/repository/repository_mock.go:944.2,944.56 1 0
github.com/PhasitWo/duchenne-server/repository/repository_mock.go:944.56,946.3 1 0
github.com/PhasitWo/duchenne-server/repository/repository_mock.go:946.8,948.3 1 0
github.com/PhasitWo/duchenne-server/repository/repository_mock.go:950.2,950.15 1 0
github.com/PhasitWo/duchenne-server/repository/repository_mock.go:960.89,962.2 1 0
github.com/PhasitWo/duchenne-server/repository/repository_mock.go:964.99,965.40 1 0
github.com/PhasitWo/duchenne-server/repository/repository_mock.go:965.40,967.3 1 0
github.com/PhasitWo/duchenne-server/repository/repository_mock.go:968.2,968.11 1 0
github.com/PhasitWo/duchenne-server/repository/repository_mock.go:971.105,974.2 2 0
github.com/PhasitWo/duchenne-server/repository/repository_mock.go:976.127,979.2 2 0
github.com/PhasitWo/duchenne-server/repository/repository_mock.go:982.80,985.19 2 0
github.com/PhasitWo/duchenne-server/repository/repository_mock.go:985.19,986.61 1 0
github.com/PhasitWo/duchenne-server/repository/repository_mock.go:989.2,991.67 3 0
github.com/PhasitWo/duchenne-server/repository/repository_mock.go:991.67,993.3 1 0
github.com/PhasitWo/duchenne-server/repository/repository_mock.go:994.2,994.58 1 0
github.com/PhasitWo/duchenne-server/repository/repository_mock.go:994.58,996.3 1 0
github.com/PhasitWo/duchenne-server/repository/repository_mock.go:996.8,998.3 1 0
github.com/PhasitWo/duchenne-server/repository/repository_mock.go:1000.2,1000.51 1 0
github.com/PhasitWo/duchenne-server/repository/repository_mock.go:1000.51,1002.3 1 0
github.com/PhasitWo/duchenne-server/repository/repository_mock.go:1002.8,1004.3 1 0
github.com/PhasitWo/duchenne-server/repository/repository_mock.go:1006.2,1006.15 1 0
github.com/PhasitWo/duchenne-server/repository/repository_mock.go:1016.107,1018.2 1 0
github.com/PhasitWo/duchenne-server/repository/repository_mock.go:1020.112,1021.40 1 0
github.com/PhasitWo/duchenne-server/repository/repository_mock.go:1021.40,1023.3 1 0
github.com/PhasitWo/duchenne-server/repository/repository_mock.go:1024.2,1024.11 1 0
github.com/PhasitWo/duchenne-server/repository/repository_mock.go:1027.117,1030.2 2 0
github.com/PhasitWo/duchenne-server/repository/repository_mock.go:1032.134,1035.2 2 0
github.com/PhasitWo/duchenne-server/repository/repository_mock.go:1038.70,1041.19 2 0
github.com/PhasitWo/duchenne-server/repository/repository_mock.go:1041.19,1042.56 1 0
github.com/PhasitWo/duchenne-server/repository/repository_mock.go:1045.2,1047.68 3 0
github.com/PhasitWo/duchenne-server/repository/repository_mock.go:1047.68,1049.3 1 0
github.com/PhasitWo/duchenne-server/repository/repository_mock.go:1050.2,1050.59 1 0
github.com/PhasitWo/duchenne-server/repository/repository_mock.go:1050.59,1052.3 1 0
github.com/PhasitWo/duchenne-server/repository/repository_mock.go:1052.8,1054.3 1 0
github.com/PhasitWo/duchenne-server/repository/repository_mock.go:1056.2,1056.51 1 0
github.com/PhasitWo/duchenne-server/repository/repository_mock.go:1056.51,1058.3 1 0
github.com/PhasitWo/duchenne-server/repository/repository_mock.go:1058.8,1060.3 1 0
github.com/PhasitWo/duchenne-server/repository/repository_mock.go:1062.2,1062.15 1 0
github.com/PhasitWo/duchenne-server/repository/repository_mock.go:1072.91,1074.2 1 0
github.com/PhasitWo/duchenne-server/repository/repository_mock.go:1076.96,1077.40 1 0
github.com/PhasitWo/duchenne-server/repository/repository_mock.go:1077.40,1079.3 1 0
github.com/PhasitWo/duchenne-server/repository/repository_mock.go:1080.2,1080.11 1 0
github.com/PhasitWo/duchenne-server/repository/repository_mock.go:1083.108,1086.2 2 0
github.com/PhasitWo/duchenne-server/repository/repository_mock.go:1088.125,1091.2 2 0
github.com/PhasitWo/duchenne-server/repository/repository_mock.go:1094.75,1097.19 2 0
github.com/PhasitWo/duchenne-server/repository/repository_mock.go:1097.19,1098.56 1 0
github.com/PhasitWo/duchenne-server/repository/repository_mock.go:1101.2,1103.73 3 0
github.com/PhasitWo/duchenne-server/repository/repository_mock.go:1103.73,1105.3 1 0
github.com/PhasitWo/duchenne-server/repository/repository_mock.go:1106.2,1106.64 1 0
github.com/PhasitWo/duchenne-server/repository/repository_mock.go:1106.64,1108.3 1 0
github.com/PhasitWo/duchenne-server/repository/repository_mock.go:1108.8,1110.3 1 0
github.com/PhasitWo/duchenne-server/repository/repository_mock.go:1112.2,1112.56 1 0
github.com/PhasitWo/duchenne-server/repository/repository_mock.go:1112.56,1114.3 1 0
github.com/PhasitWo/duchenne-server/repository/repository_mock.go:1114.8,1116.3 1 0
github.com/PhasitWo/duchenne-server/repository/repository_mock.go:1118.2,1118.15 1 0
github.com/PhasitWo/duchenne-server/repository/repository_mock.go:1128.91,1130.2 1 0
github.com/PhasitWo/duchenne-server/repository/repository_mock.go:1132.101,1133.40 1 0
github.com/PhasitWo/duchenne-server/repository/repository_mock.go:1133.40,1135.3 1 0
github.com/PhasitWo/duchenne-server/repository/repository_mock.go:1136.2,1136.11 1 0
github.com/PhasitWo/duchenne-server/repository/repository_mock.go:1139.108,1142.2 2 0
github.com/PhasitWo/duchenne-server/repository/repository_mock.go:1144.130,1147.2 2 0
github.com/PhasitWo/duchenne-server/repository/repository_mock.go:1150.85,1153.19 2 0
github.com/PhasitWo/duchenne-server/repository/repository_mock.go:1153.19,1154.53 1 0
github.com/PhasitWo/duchenne-server/repository/repository_mock.go:1157.2,1159.78 3 0
github.com/PhasitWo/duchenne-server/repository/repository_mock.go:1159.78,1161.3 1 0
github.com/PhasitWo/duchenne-server/repository/repository_mock.go:1162.2,1162.69 1 0
github.com/PhasitWo/duchenne-server/repository/repository_mock.go:1162.69,1164.3 1 0
github.com/PhasitWo/duchenne-server/repository/repository_mock.go:1164.8,1166.3 1 0
github.com/PhasitWo/duchenne-server/repository/repository_mock.go:1168.2,1168.56 1 0
github.com/PhasitWo/duchenne-server/repository/repository_mock.go:1168.56,1170.3 1 0
github.com/PhasitWo/duchenne-server/repository/repository_mock.go:1170.8,1172.3 1 0
github.com/PhasitWo/duchenne-server/repository/repository_mock.go:1174.2,1174.15 1 0
github.com/PhasitWo/duchenne-server/repository/repository_mock.go:1184.93,1186.2 1 0
github.com/PhasitWo/duchenne-server/repository/repository_mock.go:1188.103,1189.40 1 0
github.com/PhasitWo/duchenne-server/repository/repository_mock.go:1189.40,1191.3 1 0
github.com/PhasitWo/duchenne-server/repository/repository_mock.go:1192.2,1192.11 1 0
github.com/PhasitWo/duchenne-server/repository/repository_mock.go:1195.107,1198.2 2 0
github.com/PhasitWo/duchenne-server/repository/repository_mock.go:1200.129,1203.2 2 0
github.com/PhasitWo/duchenne-server/repository/repository_mock.go:1206.76,1209.19 2 0
github.com/PhasitWo/duchenne-server/repository/repository_mock.go:1209.19,1210.59 1 0
github.com/PhasitWo/duchenne-server/repository/repository_mock.go:1213.2,1214.62 2 0
github.com/PhasitWo/duchenne-server/repository/repository_mock.go:1214.62,1216.3 1 0
github.com/PhasitWo/duchenne-server/repository/repository_mock.go:1216.8,1218.3 1 0
github.com/PhasitWo/duchenne-server/repository/repository_mock.go:1220.2,1220.11 1 0
github.com/PhasitWo/duchenne-server/repository/repository_mock.go:1230.106,1232.2 1 0
github.com/PhasitWo/duchenne-server/repository/repository_mock.go:1234.122,1235.40 1 0
github.com/PhasitWo/duchenne-server/repository/repository_mock.go:1235.40,1237.3 1 0
github.com/PhasitWo/duchenne-server/repository/repository_mock.go:1238.2,1238.11 1 0
github.com/PhasitWo/duchenne-server/repository/repository_mock.go:1241.95,1244.2 2 0
github.com/PhasitWo/duchenne-server/repository/repository_mock.go:1246.125,1249.2 2 0
github.com/PhasitWo/duchenne-server/repository/repository_mock.go:1252.56,1255.19 2 0
github.com/PhasitWo/duchenne-server/repository/repository_mock.go:1255.19,1256.54 1 0
github.com/PhasitWo/duchenne-server/repository/repository_mock.go:1259.2,1260.57 2 0
github.com/PhasitWo/duchenne-server/repository/repository_mock.go:1260.57,1262.3 1 0
github.com/PhasitWo/duchenne-server/repository/repository_mock.go:1262.8,1264.3 1 0
github.com/PhasitWo/duchenne-server/repository/repository_mock.go:1266.2,1266.11 1 0
github.com/PhasitWo/duchenne-server/repository/repository_mock.go:1276.86,1278.2 1 0
github.com/PhasitWo/duchenne-server/repository/repository_mock.go:1280.97,1281.40 1 0
github.com/PhasitWo/duchenne-server/repository/repository_mock.go:1281.40,1283.3 1 0
github.com/PhasitWo/duchenne-server/repository/repository_mock.go:1284.2,1284.11 1 0
github.com/PhasitWo/duchenne-server/repository/repository_mock.go:1287.85,1290.2 2 0
github.com/PhasitWo/duchenne-server/repository/repository_mock.go:1292.110,1295.2 2 0
github.com/PhasitWo/duchenne-server/repository/repository_mock.go:1298.61,1301.19 2 0
github.com/PhasitWo/duchenne-server/repository/repository_mock.go:1301.19,1302.54 1 0
github.com/PhasitWo/duchenne-server/repository/repository_mock.go:1305.2,1306.57 2 0
github.com/PhasitWo/duchenne-server/repository/repository_mock.go:1306.57,1308.3 1 0
github.com/PhasitWo/duchenne-server/repository/repository_mock.go:1308.8,1310.3 1 0
github.com/PhasitWo/duchenne-server/repository/repository_mock.go:1312.2,1312.11 1 0
github.com/PhasitWo/duchenne-server/repository/repository_mock.go:1322.91,1324.2 1 0
github.com/PhasitWo/duchenne-server/repository/repository_mock.go:1326.102,1327.40 1 0
github.com/PhasitWo/duchenne-server/repository/repository_mock.go:1327.40,1329.3 1 0
github.com/PhasitWo/duchenne-server/repository/repository_mock.go:1330.2,1330.11 1 0
github.com/PhasitWo/duchenne-server/repository/repository_mock.go:1333.85,1336.2 2 0
github.com/PhasitWo/duchenne-server/repository/repository_mock.go:1338.110,1341.2 2 0
github.com/PhasitWo/duchenne-server/repository/repository_mock.go:1344.64,1347.19 2 0
github.com/PhasitWo/duchenne-server/repository/repository_mock.go:1347.19,1348.55 1 0
github.com/PhasitWo/duchenne-server/repository/repository_mock.go:1351.2,1352.58 2 0
github.com/PhasitWo/duchenne-server/repository/repository_mock.go:1352.58,1354.3 1 0
github.com/PhasitWo/duchenne-server/repository/repository_mock.go:1354.8,1356.3 1 0
github.com/PhasitWo/duchenne-server/repository/repository_mock.go:1358.2,1358.11 1 0
github.com/PhasitWo/duchenne-server/repository/repository_mock.go:1368.94,1370.2 1 0
github.com/PhasitWo/duchenne-server/repository/repository_mock.go:1372.106,1373.40 1 0
github.com/PhasitWo/duchenne-server/repository/repository_mock.go:1373.40,1375.3 1 0
github.com/PhasitWo/duchenne-server/repository/repository_mock.go:1376.2,1376.11 1 0
github.com/PhasitWo/duchenne-server/repository/repository_mock.go:1379.87,1382.2 2 0
github.com/PhasitWo/duchenne-server/repository/repository_mock.go:1384.113,1387.2 2 0
github.com/PhasitWo/duchenne-server/repository/repository_mock.go:1390.92,1393.19 2 0
github.com/PhasitWo/duchenne-server/repository/repository_mock.go:1393.19,1394.63 1 0
github.com/PhasitWo/duchenne-server/repository/repository_mock.go:1397.2,1398.66 2 0
github.com/PhasitWo/duchenne-server/repository/repository_mock.go:1398.66,1400.3 1 0
github.com/PhasitWo/duchenne-server/repository/repository_mock.go:1400.8,1402.3 1 0
github.com/PhasitWo/duchenne-server/repository/repository_mock.go:1404.2,1404.11 1 0
github.com/PhasitWo/duchenne-server/repository/repository_mock.go:1415.135,1417.2 1 0
github.com/PhasitWo/duchenne-server/repository/repository_mock.go:1419.142,1420.40 1 0
github.com/PhasitWo/duchenne-server/repository/repository_mock.go:1420.40,1422.3 1 0
github.com/PhasitWo/duchenne-server/repository/repository_mock.go:1423.2,1423.11 1 0
github.com/PhasitWo/duchenne-server/repository/repository_mock.go:1426.103,1429.2 2 0
github.com/PhasitWo/duchenne-server/repository/repository_mock.go:1431.137,1434.2 2 0
github.com/PhasitWo/duchenne-server/repository/repository_mock.go:1437.109,1440.19 2 0
github.com/PhasitWo/duchenne-server/repository/repository_mock.go:1440.19,1441.69 1 0
github.com/PhasitWo/duchenne-server/repository/repository_mock.go:1444.2,1445.72 2 0
github.com/PhasitWo/duchenne-server/repository/repository_mock.go:1445.72,1447.3 1 0
github.com/PhasitWo/duchenne-server/repository/repository_mock.go:1447.8,1449.3 1 0
github.com/PhasitWo/duchenne-server/repository/repository_mock.go:1451.2,1451.11 1 0
github.com/PhasitWo/duchenne-server/repository/repository_mock.go:1462.152,1464.2 1 0
github.com/PhasitWo/duchenne-server/repository/repository_mock.go:1466.165,1467.40 1 0
github.com/PhasitWo/duchenne-server/repository/repository_mock.go:1467.40,1469.3 1 0
github.com/PhasitWo/duchenne-server/repository/repository_mock.go:1470.2,1470.11 1 0
github.com/PhasitWo/duchenne-server/repository/repository_mock.go:1473.115,1476.2 2 0
github.com/PhasitWo/duchenne-server/repository/repository_mock.go:1478.155,1481.2 2 0
github.com/PhasitWo/duchenne-server/repository/repository_mock.go:1484.93,1487.19 2 0
github.com/PhasitWo/duchenne-server/repository/repository_mock.go:1487.19,1488.62 1 0
github.com/PhasitWo/duchenne-server/repository/repository_mock.go:1491.2,1492.61 2 0
github.com/PhasitWo/duchenne-server/repository/repository_mock.go:1492.61,1494.3 1 0
github.com/PhasitWo/duchenne-server/repository/repository_mock.go:1494.8,1496.3 1 0
github.com/PhasitWo/duchenne-server/repository/repository_mock.go:1498.2,1498.11 1 0
github.com/PhasitWo/duchenne-server/repository/repository_mock.go:1510.153,1512.2 1 0
github.com/PhasitWo/duchenne-server/repository/repository_mock.go:1514.142,1515.40 1 0
github.com/PhasitWo/duchenne-server/repository/repository_mock.go:1515.40,1517.3 1 0
github.com/PhasitWo/duchenne-server/repository/repository_mock.go:1518.2,1518.11 1 0
github.com/PhasitWo/duchenne-server/repository/repository_mock.go:1521.101,1524.2 2 0
github.com/PhasitWo/duchenne-server/repository/repository_mock.go:1526.130,1529.2 2 0
github.com/PhasitWo/duchenne-server/repository/repository_mock.go:1536.14,1540.19 3 0
github.com/PhasitWo/duchenne-server/repository/repository_mock.go:1540.19,1540.49 1 0
github.com/PhasitWo/duchenne-server/repository/repository_mock.go:1542.2,1542.13 1 0
github.com/PhasitWo/duchenne-server/middleware/mobileMiddleware.go:12.43,14.23 2 0
github.com/PhasitWo/duchenne-server/middleware/mobileMiddleware.go:14.23,18.3 3 0
github.com/PhasitWo/duchenne-server/middleware/mobileMiddleware.go:20.2,21.101 2 0
github.com/PhasitWo/duchenne-server/middleware/mobileMiddleware.go:21.101,23.3 1 0
github.com/PhasitWo/duchenne-server/middleware/mobileMiddleware.go:24.2,24.16 1 0
github.com/PhasitWo/duchenne-server/middleware/mobileMiddleware.go:24.16,28.3 3 0
github.com/PhasitWo/duchenne-server/middleware/mobileMiddleware.go:29.2,29.18 1 0
github.com/PhasitWo/duchenne-server/middleware/mobileMiddleware.go:29.18,33.3 3 0
github.com/PhasitWo/duchenne-server/middleware/mobileMiddleware.go:35.2,35.53 1 0
github.com/PhasitWo/duchenne-server/middleware/mobileMiddleware.go:35.53,39.3 3 0
github.com/PhasitWo/duchenne-server/middleware/mobileMiddleware.go:40.2,42.10 3 0
github.com/PhasitWo/duchenne-server/middleware/redisMiddleware.go:30.58,33.2 2 0
github.com/PhasitWo/duchenne-server/middleware/redisMiddleware.go:35.74,39.13 2 0
github.com/PhasitWo/duchenne-server/middleware/redisMiddleware.go:39.13,42.3 2 0
github.com/PhasitWo/duchenne-server/middleware/redisMiddleware.go:43.2,48.32 5 0
github.com/PhasitWo/duchenne-server/middleware/redisMiddleware.go:48.32,50.46 2 0
github.com/PhasitWo/duchenne-server/middleware/redisMiddleware.go:50.46,53.4 2 0
github.com/PhasitWo/duchenne-server/middleware/redisMiddleware.go:54.3,54.9 1 0
github.com/PhasitWo/duchenne-server/middleware/redisMiddleware.go:56.2,56.34 1 0
github.com/PhasitWo/duchenne-server/middleware/redisMiddleware.go:56.34,58.48 2 0
github.com/PhasitWo/duchenne-server/middleware/redisMiddleware.go:58.48,63.4 4 0
github.com/PhasitWo/duchenne-server/middleware/redisMiddleware.go:64.3,64.9 1 0
github.com/PhasitWo/duchenne-server/middleware/redisMiddleware.go:66.2,68.16 3 0
[...]
github.com/PhasitWo/duchenne-server/repository/repository_mock.go:717.73,719.2 1 0
github.com/PhasitWo/duchenne-server/repository/repository_mock.go:721.83,722.40 1 0
github.com/PhasitWo/duchenne-server/repository/repository_mock.go:722.40,724.3 1 0
github.com/PhasitWo/duchenne-server/repository/repository_mock.go:725.2,725.11 1 0
github.com/PhasitWo/duchenne-server/repository/repository_mock.go:728.109,731.2 2 0
github.com/PhasitWo/duchenne-server/repository/repository_mock.go:733.120,736.2 2 0
github.com/PhasitWo/duchenne-server/repository/repository_mock.go:739.62,742.19 2 1
github.com/PhasitWo/duchenne-server/repository/repository_mock.go:742.19,743.55 1 0
github.com/PhasitWo/duchenne-server/repository/repository_mock.go:746.2,748.64 3 1
github.com/PhasitWo/duchenne-server/repository/repository_mock.go:748.64,750.3 1 0
github.com/PhasitWo/duchenne-server/repository/repository_mock.go:751.2,751.55 1 1
github.com/PhasitWo/duchenne-server/repository/repository_mock.go:751.55,753.3 1 0
github.com/PhasitWo/duchenne-server/repository/repository_mock.go:753.8,754.24 1 1
github.com/PhasitWo/duchenne-server/repository/repository_mock.go:754.24,756.4 1 1
github.com/PhasitWo/duchenne-server/repository/repository_mock.go:759.2,759.45 1 1
github.com/PhasitWo/duchenne-server/repository/repository_mock.go:759.45,761.3 1 0
github.com/PhasitWo/duchenne-server/repository/repository_mock.go:761.8,763.3 1 1
github.com/PhasitWo/duchenne-server/repository/repository_mock.go:765.2,765.15 1 1
github.com/PhasitWo/duchenne-server/repository/repository_mock.go:774.75,776.2 1 1
github.com/PhasitWo/duchenne-server/repository/repository_mock.go:778.85,779.40 1 0
github.com/PhasitWo/duchenne-server/repository/repository_mock.go:779.40,781.3 1 0
github.com/PhasitWo/duchenne-server/repository/repository_mock.go:782.2,782.11 1 0
github.com/PhasitWo/duchenne-server/repository/repository_mock.go:785.108,788.2 2 1
github.com/PhasitWo/duchenne-server/repository/repository_mock.go:790.119,793.2 2 0
github.com/PhasitWo/duchenne-server/repository/repository_mock.go:796.112,798.27 2 1
github.com/PhasitWo/duchenne-server/repository/repository_mock.go:798.27,800.3 1 0
github.com/PhasitWo/duchenne-server/repository/repository_mock.go:801.2,806.19 5 1
github.com/PhasitWo/duchenne-server/repository/repository_mock.go:806.19,807.56 1 0
github.com/PhasitWo/duchenne-server/repository/repository_mock.go:810.2,812.91 3 1
github.com/PhasitWo/duchenne-server/repository/repository_mock.go:812.91,814.3 1 0
github.com/PhasitWo/duchenne-server/repository/repository_mock.go:815.2,815.82 1 1
github.com/PhasitWo/duchenne-server/repository/repository_mock.go:815.82,817.3 1 0
github.com/PhasitWo/duchenne-server/repository/repository_mock.go:817.8,818.24 1 1
github.com/PhasitWo/duchenne-server/repository/repository_mock.go:818.24,820.4 1 1
github.com/PhasitWo/duchenne-server/repository/repository_mock.go:823.2,823.66 1 1
github.com/PhasitWo/duchenne-server/repository/repository_mock.go:823.66,825.3 1 0
github.com/PhasitWo/duchenne-server/repository/repository_mock.go:825.8,827.3 1 1
github.com/PhasitWo/duchenne-server/repository/repository_mock.go:829.2,829.15 1 1
github.com/PhasitWo/duchenne-server/repository/repository_mock.go:841.139,844.2 1 1
github.com/PhasitWo/duchenne-server/repository/repository_mock.go:846.130,847.40 1 0
github.com/PhasitWo/duchenne-server/repository/repository_mock.go:847.40,849.30 2 0
github.com/PhasitWo/duchenne-server/repository/repository_mock.go:849.30,850.16 1 0
github.com/PhasitWo/duchenne-server/repository/repository_mock.go:850.16,852.5 1 0
github.com/PhasitWo/duchenne-server/repository/repository_mock.go:854.3,854.53 1 0
github.com/PhasitWo/duchenne-server/repository/repository_mock.go:856.2,856.11 1 0
github.com/PhasitWo/duchenne-server/repository/repository_mock.go:859.116,862.2 2 1
github.com/PhasitWo/duchenne-server/repository/repository_mock.go:864.148,867.2 2 0
github.com/PhasitWo/duchenne-server/repository/repository_mock.go:870.94,873.19 2 1
github.com/PhasitWo/duchenne-server/repository/repository_mock.go:873.19,874.56 1 0
github.com/PhasitWo/duchenne-server/repository/repository_mock.go:877.2,879.81 3 1
github.com/PhasitWo/duchenne-server/repository/repository_mock.go:879.81,881.3 1 0
github.com/PhasitWo/duchenne-server/repository/repository_mock.go:882.2,882.72 1 1
github.com/PhasitWo/duchenne-server/repository/repository_mock.go:882.72,884.3 1 0
github.com/PhasitWo/duchenne-server/repository/repository_mock.go:884.8,886.3 1 1
github.com/PhasitWo/duchenne-server/repository/repository_mock.go:888.2,888.56 1 1
github.com/PhasitWo/duchenne-server/repository/repository_mock.go:888.56,890.3 1 0
github.com/PhasitWo/duchenne-server/repository/repository_mock.go:890.8,892.3 1 1
github.com/PhasitWo/duchenne-server/repository/repository_mock.go:894.2,894.15 1 1
github.com/PhasitWo/duchenne-server/repository/repository_mock.go:904.102,906.2 1 1
github.com/PhasitWo/duchenne-server/repository/repository_mock.go:908.112,909.40 1 0
github.com/PhasitWo/duchenne-server/repository/repository_mock.go:909.40,911.3 1 0
github.com/PhasitWo/duchenne-server/repository/repository_mock.go:912.2,912.11 1 0
github.com/PhasitWo/duchenne-server/repository/repository_mock.go:915.116,918.2 2 1
github.com/PhasitWo/duchenne-server/repository/repository_mock.go:920.138,923.2 2 0
github.com/PhasitWo/duchenne-server/repository/repository_mock.go:926.73,929.19 2 1
github.com/PhasitWo/duchenne-server/repository/repository_mock.go:929.19,930.55 1 0
github.com/PhasitWo/duchenne-server/repository/repository_mock.go:933.2,935.72 3 1
github.com/PhasitWo/duchenne-server/repository/repository_mock.go:935.72,937.3 1 0
github.com/PhasitWo/duchenne-server/repository/repository_mock.go:938.2,938.63 1 1
github.com/PhasitWo/duchenne-server/repository/repository_mock.go:938.63,940.3 1 0
github.com/PhasitWo/duchenne-server/repository/repository_mock.go:940.8,942.3 1 1
github.com/PhasitWo/duchenne-server/repository/repository_mock.go:944.2,944.56 1 1
github.com/PhasitWo/duchenne-server/repository/repository_mock.go:944.56,946.3 1 0
github.com/PhasitWo/duchenne-server/repository/repository_mock.go:946.8,948.3 1 1
github.com/PhasitWo/duchenne-server/repository/repository_mock.go:950.2,950.15 1 1
github.com/PhasitWo/duchenne-server/repository/repository_mock.go:960.89,962.2 1 1
github.com/PhasitWo/duchenne-server/repository/repository_mock.go:964.99,965.40 1 0
github.com/PhasitWo/duchenne-server/repository/repository_mock.go:965.40,967.3 1 0
github.com/PhasitWo/duchenne-server/repository/repository_mock.go:968.2,968.11 1 0
github.com/PhasitWo/duchenne-server/repository/repository_mock.go:971.105,974.2 2 1
github.com/PhasitWo/duchenne-server/repository/repository_mock.go:976.127,979.2 2 0
github.com/PhasitWo/duchenne-server/repository/repository_mock.go:982.80,985.19 2 1
github.com/PhasitWo/duchenne-server/repository/repository_mock.go:985.19,986.61 1 0
github.com/PhasitWo/duchenne-server/repository/repository_mock.go:989.2,991.67 3 1
github.com/PhasitWo/duchenne-server/repository/repository_mock.go:991.67,993.3 1 0
github.com/PhasitWo/duchenne-server/repository/repository_mock.go:994.2,994.58 1 1
github.com/PhasitWo/duchenne-server/repository/repository_mock.go:994.58,996.3 1 0
github.com/PhasitWo/duchenne-server/repository/repository_mock.go:996.8,998.3 1 1
github.com/PhasitWo/duchenne-server/repository/repository_mock.go:1000.2,1000.51 1 1
github.com/PhasitWo/duchenne-server/repository/repository_mock.go:1000.51,1002.3 1 0
github.com/PhasitWo/duchenne-server/repository/repository_mock.go:1002.8,1004.3 1 1
github.com/PhasitWo/duchenne-server/repository/repository_mock.go:1006.2,1006.15 1 1
github.com/PhasitWo/duchenne-server/repository/repository_mock.go:1016.107,1018.2 1 1
github.com/PhasitWo/duchenne-server/repository/repository_mock.go:1020.112,1021.40 1 0
github.com/PhasitWo/duchenne-server/repository/repository_mock.go:1021.40,1023.3 1 0
github.com/PhasitWo/duchenne-server/repository/repository_mock.go:1024.2,1024.11 1 0
github.com/PhasitWo/duchenne-server/repository/repository_mock.go:1027.117,1030.2 2 1
github.com/PhasitWo/duchenne-server/repository/repository_mock.go:1032.134,1035.2 2 0
github.com/PhasitWo/duchenne-server/repository/repository_mock.go:1038.70,1041.19 2 0
github.com/PhasitWo/duchenne-server/repository/repository_mock.go:1041.19,1042.56 1 0
github.com/PhasitWo/duchenne-server/repository/repository_mock.go:1045.2,1047.68 3 0
github.com/PhasitWo/duchenne-server/repository/repository_mock.go:1047.68,1049.3 1 0
github.com/PhasitWo/duchenne-server/repository/repository_mock.go:1050.2,1050.59 1 0
github.com/PhasitWo/duchenne-server/repository/repository_mock.go:1050.59,1052.3 1 0
github.com/PhasitWo/duchenne-server/repository/repository_mock.go:1052.8,1054.3 1 0
github.com/PhasitWo/duchenne-server/repository/repository_mock.go:1056.2,1056.51 1 0
github.com/PhasitWo/duchenne-server/repository/repository_mock.go:1056.51,1058.3 1 0
github.com/PhasitWo/duchenne-server/repository/repository_mock.go:1058.8,1060.3 1 0
github.com/PhasitWo/duchenne-server/repository/repository_mock.go:1062.2,1062.15 1 0
github.com/PhasitWo/duchenne-server/repository/repository_mock.go:1072.91,1074.2 1 0
github.com/PhasitWo/duchenne-server/repository/repository_mock.go:1076.96,1077.40 1 0
github.com/PhasitWo/duchenne-server/repository/repository_mock.go:1077.40,1079.3 1 0
github.com/PhasitWo/duchenne-server/repository/repository_mock.go:1080.2,1080.11 1 0
github.com/PhasitWo/duchenne-server/repository/repository_mock.go:1083.108,1086.2 2 0
github.com/PhasitWo/duchenne-server/repository/repository_mock.go:1088.125,1091.2 2 0
github.com/PhasitWo/duchenne-server/repository/repository_mock.go:1094.75,1097.19 2 1
github.com/PhasitWo/duchenne-server/repository/repository_mock.go:1097.19,1098.56 1 0
github.com/PhasitWo/duchenne-server/repository/repository_mock.go:1101.2,1103.73 3 1
github.com/PhasitWo/duchenne-server/repository/repository_mock.go:1103.73,1105.3 1 0
github.com/PhasitWo/duchenne-server/repository/repository_mock.go:1106.2,1106.64 1 1
github.com/PhasitWo/duchenne-server/repository/repository_mock.go:1106.64,1108.3 1 0
github.com/PhasitWo/duchenne-server/repository/repository_mock.go:1108.8,1110.3 1 1
github.com/PhasitWo/duchenne-server/repository/repository_mock.go:1112.2,1112.56 1 1
github.com/PhasitWo/duchenne-server/repository/repository_mock.go:1112.56,1114.3 1 0
github.com/PhasitWo/duchenne-server/repository/repository_mock.go:1114.8,1116.3 1 1
github.com/PhasitWo/duchenne-server/repository/repository_mock.go:1118.2,1118.15 1 1
github.com/PhasitWo/duchenne-server/repository/repository_mock.go:1128.91,1130.2 1 1
github.com/PhasitWo/duchenne-server/repository/repository_mock.go:1132.101,1133.40 1 0
github.com/PhasitWo/duchenne-server/repository/repository_mock.go:1133.40,1135.3 1 0
github.com/PhasitWo/duchenne-server/repository/repository_mock.go:1136.2,1136.11 1 0
github.com/PhasitWo/duchenne-server/repository/repository_mock.go:1139.108,1142.2 2 1
github.com/PhasitWo/duchenne-server/repository/repository_mock.go:1144.130,1147.2 2 0
github.com/PhasitWo/duchenne-server/repository/repository_mock.go:1150.85,1153.19 2 1
github.com/PhasitWo/duchenne-server/repository/repository_mock.go:1153.19,1154.53 1 0
github.com/PhasitWo/duchenne-server/repository/repository_mock.go:1157.2,1159.78 3 1
github.com/PhasitWo/duchenne-server/repository/repository_mock.go:1159.78,1161.3 1 0
github.com/PhasitWo/duchenne-server/repository/repository_mock.go:1162.2,1162.69 1 1
github.com/PhasitWo/duchenne-server/repository/repository_mock.go:1162.69,1164.3 1 0
github.com/PhasitWo/duchenne-server/repository/repository_mock.go:1164.8,1166.3 1 1
github.com/PhasitWo/duchenne-server/repository/repository_mock.go:1168.2,1168.56 1 1
github.com/PhasitWo/duchenne-server/repository/repository_mock.go:1168.56,1170.3 1 0
github.com/PhasitWo/duchenne-server/repository/repository_mock.go:1170.8,1172.3 1 1
github.com/PhasitWo/duchenne-server/repository/repository_mock.go:1174.2,1174.15 1 1
github.com/PhasitWo/duchenne-server/repository/repository_mock.go:1184.93,1186.2 1 1
github.com/PhasitWo/duchenne-server/repository/repository_mock.go:1188.103,1189.40 1 0
github.com/PhasitWo/duchenne-server/repository/repository_mock.go:1189.40,1191.3 1 0
github.com/PhasitWo/duchenne-server/repository/repository_mock.go:1192.2,1192.11 1 0
github.com/PhasitWo/duchenne-server/repository/repository_mock.go:1195.107,1198.2 2 1
github.com/PhasitWo/duchenne-server/repository/repository_mock.go:1200.129,1203.2 2 0
github.com/PhasitWo/duchenne-server/repository/repository_mock.go:1206.76,1209.19 2 1
github.com/PhasitWo/duchenne-server/repository/repository_mock.go:1209.19,1210.59 1 0
github.com/PhasitWo/duchenne-server/repository/repository_mock.go:1213.2,1214.62 2 1
github.com/PhasitWo/duchenne-server/repository/repository_mock.go:1214.62,1216.3 1 0
github.com/PhasitWo/duchenne-server/repository/repository_mock.go:1216.8,1218.3 1 1
github.com/PhasitWo/duchenne-server/repository/repository_mock.go:1220.2,1220.11 1 1
github.com/PhasitWo/duchenne-server/repository/repository_mock.go:1230.106,1232.2 1 1
github.com/PhasitWo/duchenne-server/repository/repository_mock.go:1234.122,1235.40 1 0
github.com/PhasitWo/duchenne-server/repository/repository_mock.go:1235.40,1237.3 1 0
github.com/PhasitWo/duchenne-server/repository/repository_mock.go:1238.2,1238.11 1 0
github.com/PhasitWo/duchenne-server/repository/repository_mock.go:1241.95,1244.2 2 1
github.com/PhasitWo/duchenne-server/repository/repository_mock.go:1246.125,1249.2 2 0
github.com/PhasitWo/duchenne-server/repository/repository_mock.go:1252.56,1255.19 2 0
github.com/PhasitWo/duchenne-server/repository/repository_mock.go:1255.19,1256.54 1 0
github.com/PhasitWo/duchenne-server/repository/repository_mock.go:1259.2,1260.57 2 0
github.com/PhasitWo/duchenne-server/repository/repository_mock.go:1260.57,1262.3 1 0
github.com/PhasitWo/duchenne-server/repository/repository_mock.go:1262.8,1264.3 1 0
github.com/PhasitWo/duchenne-server/repository/repository_mock.go:1266.2,1266.11 1 0
github.com/PhasitWo/duchenne-server/repository/repository_mock.go:1276.86,1278.2 1 0
github.com/PhasitWo/duchenne-server/repository/repository_mock.go:1280.97,1281.40 1 0
github.com/PhasitWo/duchenne-server/repository/repository_mock.go:1281.40,1283.3 1 0
github.com/PhasitWo/duchenne-server/repository/repository_mock.go:1284.2,1284.11 1 0
github.com/PhasitWo/duchenne-server/repository/repository_mock.go:1287.85,1290.2 2 0
github.com/PhasitWo/duchenne-server/repository/repository_mock.go:1292.110,1295.2 2 0
github.com/PhasitWo/duchenne-server/repository/repository_mock.go:1298.61,1301.19 2 1
github.com/PhasitWo/duchenne-server/repository/repository_mock.go:1301.19,1302.54 1 0
github.com/PhasitWo/duchenne-server/repository/repository_mock.go:1305.2,1306.57 2 1
github.com/PhasitWo/duchenne-server/repository/repository_mock.go:1306.57,1308.3 1 0
github.com/PhasitWo/duchenne-server/repository/repository_mock.go:1308.8,1310.3 1 1
github.com/PhasitWo/duchenne-server/repository/repository_mock.go:1312.2,1312.11 1 1
github.com/PhasitWo/duchenne-server/repository/repository_mock.go:1322.91,1324.2 1 1
github.com/PhasitWo/duchenne-server/repository/repository_mock.go:1326.102,1327.40 1 0
github.com/PhasitWo/duchenne-server/repository/repository_mock.go:1327.40,1329.3 1 0
github.com/PhasitWo/duchenne-server/repository/repository_mock.go:1330.2,1330.11 1 0
github.com/PhasitWo/duchenne-server/repository/repository_mock.go:1333.85,1336.2 2 1
github.com/PhasitWo/duchenne-server/repository/repository_mock.go:1338.110,1341.2 2 0
github.com/PhasitWo/duchenne-server/repository/repository_mock.go:1344.64,1347.19 2 1
github.com/PhasitWo/duchenne-server/repository/repository_mock.go:1347.19,1348.55 1 0
github.com/PhasitWo/duchenne-server/repository/repository_mock.go:1351.2,1352.58 2 1
github.com/PhasitWo/duchenne-server/repository/repository_mock.go:1352.58,1354.3 1 0
github.com/PhasitWo/duchenne-server/repository/repository_mock.go:1354.8,1356.3 1 1
github.com/PhasitWo/duchenne-server/repository/repository_mock.go:1358.2,1358.11 1 1
github.com/PhasitWo/duchenne-server/repository/repository_mock.go:1368.94,1370.2 1 1
github.com/PhasitWo/duchenne-server/repository/repository_mock.go:1372.106,1373.40 1 0
github.com/PhasitWo/duchenne-server/repository/repository_mock.go:1373.40,1375.3 1 0
github.com/PhasitWo/duchenne-server/repository/repository_mock.go:1376.2,1376.11 1 0
github.com/PhasitWo/duchenne-server/repository/repository_mock.go:1379.87,1382.2 2 1
github.com/PhasitWo/duchenne-server/repository/repository_mock.go:1384.113,1387.2 2 0
github.com/PhasitWo/duchenne-server/repository/repository_mock.go:1390.92,1393.19 2 1
github.com/PhasitWo/duchenne-server/repository/repository_mock.go:1393.19,1394.63 1 0
github.com/PhasitWo/duchenne-server/repository/repository_mock.go:1397.2,1398.66 2 1
github.com/PhasitWo/duchenne-server/repository/repository_mock.go:1398.66,1400.3 1 0
github.com/PhasitWo/duchenne-server/repository/repository_mock.go:1400.8,1402.3 1 1
github.com/PhasitWo/duchenne-server/repository/repository_mock.go:1404.2,1404.11 1 1
github.com/PhasitWo/duchenne-server/repository/repository_mock.go:1415.135,1417.2 1 1
github.com/PhasitWo/duchenne-server/repository/repository_mock.go:1419.142,1420.40 1 0
github.com/PhasitWo/duchenne-server/repository/repository_mock.go:1420.40,1422.3 1 0
github.com/PhasitWo/duchenne-server/repository/repository_mock.go:1423.2,1423.11 1 0
github.com/PhasitWo/duchenne-server/repository/repository_mock.go:1426.103,1429.2 2 1
github.com/PhasitWo/duchenne-server/repository/repository_mock.go:1431.137,1434.2 2 0
github.com/PhasitWo/duchenne-server/repository/repository_mock.go:1437.109,1440.19 2 1
github.com/PhasitWo/duchenne-server/repository/repository_mock.go:1440.19,1441.69 1 0
github.com/PhasitWo/duchenne-server/repository/repository_mock.go:1444.2,1445.72 2 1
github.com/PhasitWo/duchenne-server/repository/repository_mock.go:1445.72,1447.3 1 0
github.com/PhasitWo/duchenne-server/repository/repository_mock.go:1447.8,1449.3 1 1
github.com/PhasitWo/duchenne-server/repository/repository_mock.go:1451.2,1451.11 1 1
github.com/PhasitWo/duchenne-server/repository/repository_mock.go:1462.152,1464.2 1 1
github.com/PhasitWo/duchenne-server/repository/repository_mock.go:1466.165,1467.40 1 0
github.com/PhasitWo/duchenne-server/repository/repository_mock.go:1467.40,1469.3 1 0
github.com/PhasitWo/duchenne-server/repository/repository_mock.go:1470.2,1470.11 1 0
github.com/PhasitWo/duchenne-server/repository/repository_mock.go:1473.115,1476.2 2 1
github.com/PhasitWo/duchenne-server/repository/repository_mock.go:1478.155,1481.2 2 0
github.com/PhasitWo/duchenne-server/repository/repository_mock.go:1484.93,1487.19 2 1
github.com/PhasitWo/duchenne-server/repository/repository_mock.go:1487.19,1488.62 1 0
github.com/PhasitWo/duchenne-server/repository/repository_mock.go:1491.2,1492.61 2 1
github.com/PhasitWo/duchenne-server/repository/repository_mock.go:1492.61,1494.3 1 0
github.com/PhasitWo/duchenne-server/repository/repository_mock.go:1494.8,1496.3 1 1
github.com/PhasitWo/duchenne-server/repository/repository_mock.go:1498.2,1498.11 1 1
github.com/PhasitWo/duchenne-server/repository/repository_mock.go:1510.153,1512.2 1 1
github.com/PhasitWo/duchenne-server/repository/repository_mock.go:1514.142,1515.40 1 0
github.com/PhasitWo/duchenne-server/repository/repository_mock.go:1515.40,1517.3 1 0
github.com/PhasitWo/duchenne-server/repository/repository_mock.go:1518.2,1518.11 1 0
github.com/PhasitWo/duchenne-server/repository/repository_mock.go:1521.101,1524.2 2 1
github.com/PhasitWo/duchenne-server/repository/repository_mock.go:1526.130,1529.2 2 0
github.com/PhasitWo/duchenne-server/repository/repository_mock.go:1536.14,1540.19 3 1
github.com/PhasitWo/duchenne-server/repository/repository_mock.go:1540.19,1540.49 1 1
github.com/PhasitWo/duchenne-server/repository/repository_mock.go:1542.2,1542.13 1 1
